[2025-07-11 14:02:45] INFO [5c784e] Application starting - Context: {"version":"1.0.0","environment":"production","timestamp":"2025-07-11 14:02:45"}
[2025-07-11 14:02:52] INFO [cbfa00] Application starting - Context: {"version":"1.0.0","environment":"production","timestamp":"2025-07-11 14:02:52"}
[2025-07-11 18:45:24] INFO [4aabc1] Application starting - Context: {"version":"1.0.0","environment":"production","timestamp":"2025-07-11 18:45:24"}
[2025-07-11 18:45:24] DEBUG [4aabc1] Controller instantiated - Context: {"controller":"ServerController","request_uri":"/server/12?channel=19&type=text","request_method":"GET","is_ajax":"no"}
[2025-07-11 18:45:24] DEBUG [4aabc1] Connecting to database - Context: {"host":"127.0.0.1","port":"1003","database":"misvord","charset":"utf8mb4"}
[2025-07-11 18:45:24] INFO [4aabc1] Database connected successfully - Context: {"database":"misvord"}
[2025-07-11 18:45:24] INFO [4bd08c] Application starting - Context: {"version":"1.0.0","environment":"production","timestamp":"2025-07-11 18:45:24"}
[2025-07-11 18:45:24] DEBUG [4bd08c] Controller instantiated - Context: {"controller":"AuthenticationController","request_uri":"/login?redirect=%2Fserver%2F12%3Fchannel%3D19%26type%3Dtext","request_method":"GET","is_ajax":"no"}
[2025-07-11 18:45:24] DEBUG [4bd08c] Connecting to database - Context: {"host":"127.0.0.1","port":"1003","database":"misvord","charset":"utf8mb4"}
[2025-07-11 18:45:24] INFO [4bd08c] Database connected successfully - Context: {"database":"misvord"}
[2025-07-11 18:45:24] INFO [4ebd0b] Application starting - Context: {"version":"1.0.0","environment":"production","timestamp":"2025-07-11 18:45:24"}
[2025-07-11 18:45:24] INFO [4ee1cc] Application starting - Context: {"version":"1.0.0","environment":"production","timestamp":"2025-07-11 18:45:24"}
[2025-07-11 18:45:24] INFO [4f1343] Application starting - Context: {"version":"1.0.0","environment":"production","timestamp":"2025-07-11 18:45:24"}
[2025-07-11 18:45:25] INFO [500a7e] Application starting - Context: {"version":"1.0.0","environment":"production","timestamp":"2025-07-11 18:45:25"}
[2025-07-11 18:45:25] INFO [50365f] Application starting - Context: {"version":"1.0.0","environment":"production","timestamp":"2025-07-11 18:45:25"}
[2025-07-11 18:45:25] INFO [508678] Application starting - Context: {"version":"1.0.0","environment":"production","timestamp":"2025-07-11 18:45:25"}
[2025-07-11 18:45:25] INFO [50ad25] Application starting - Context: {"version":"1.0.0","environment":"production","timestamp":"2025-07-11 18:45:25"}
[2025-07-11 18:45:25] INFO [50d329] Application starting - Context: {"version":"1.0.0","environment":"production","timestamp":"2025-07-11 18:45:25"}
[2025-07-11 18:45:25] INFO [50f70d] Application starting - Context: {"version":"1.0.0","environment":"production","timestamp":"2025-07-11 18:45:25"}
[2025-07-11 18:45:25] INFO [51231d] Application starting - Context: {"version":"1.0.0","environment":"production","timestamp":"2025-07-11 18:45:25"}
[2025-07-11 18:45:25] INFO [514db7] Application starting - Context: {"version":"1.0.0","environment":"production","timestamp":"2025-07-11 18:45:25"}
[2025-07-11 18:45:25] INFO [517081] Application starting - Context: {"version":"1.0.0","environment":"production","timestamp":"2025-07-11 18:45:25"}
[2025-07-11 18:45:25] INFO [519b61] Application starting - Context: {"version":"1.0.0","environment":"production","timestamp":"2025-07-11 18:45:25"}
[2025-07-11 18:45:25] INFO [51c07f] Application starting - Context: {"version":"1.0.0","environment":"production","timestamp":"2025-07-11 18:45:25"}
[2025-07-11 18:45:25] INFO [51e15c] Application starting - Context: {"version":"1.0.0","environment":"production","timestamp":"2025-07-11 18:45:25"}
[2025-07-11 18:45:25] INFO [520406] Application starting - Context: {"version":"1.0.0","environment":"production","timestamp":"2025-07-11 18:45:25"}
[2025-07-11 18:45:25] INFO [522e0e] Application starting - Context: {"version":"1.0.0","environment":"production","timestamp":"2025-07-11 18:45:25"}
[2025-07-11 18:45:25] INFO [5251e8] Application starting - Context: {"version":"1.0.0","environment":"production","timestamp":"2025-07-11 18:45:25"}
[2025-07-11 18:45:25] INFO [52733b] Application starting - Context: {"version":"1.0.0","environment":"production","timestamp":"2025-07-11 18:45:25"}
[2025-07-11 18:45:25] INFO [529d93] Application starting - Context: {"version":"1.0.0","environment":"production","timestamp":"2025-07-11 18:45:25"}
[2025-07-11 18:45:25] INFO [52c41c] Application starting - Context: {"version":"1.0.0","environment":"production","timestamp":"2025-07-11 18:45:25"}
[2025-07-11 18:45:25] INFO [52e877] Application starting - Context: {"version":"1.0.0","environment":"production","timestamp":"2025-07-11 18:45:25"}
[2025-07-11 18:45:25] INFO [530b63] Application starting - Context: {"version":"1.0.0","environment":"production","timestamp":"2025-07-11 18:45:25"}
[2025-07-11 18:45:25] INFO [53295e] Application starting - Context: {"version":"1.0.0","environment":"production","timestamp":"2025-07-11 18:45:25"}
[2025-07-11 18:45:25] INFO [5351d3] Application starting - Context: {"version":"1.0.0","environment":"production","timestamp":"2025-07-11 18:45:25"}
[2025-07-11 18:45:25] INFO [54c171] Application starting - Context: {"version":"1.0.0","environment":"production","timestamp":"2025-07-11 18:45:25"}
[2025-07-11 18:45:25] INFO [54e8fb] Application starting - Context: {"version":"1.0.0","environment":"production","timestamp":"2025-07-11 18:45:25"}
[2025-07-11 18:45:25] INFO [5b2588] Application starting - Context: {"version":"1.0.0","environment":"production","timestamp":"2025-07-11 18:45:25"}
[2025-07-11 18:45:26] INFO [63cb1d] Application starting - Context: {"version":"1.0.0","environment":"production","timestamp":"2025-07-11 18:45:26"}
