[2025-07-02 09:21:53] INFO [1053e3] Application starting - Context: {"version":"1.0.0","environment":"development","timestamp":"2025-07-02 09:21:53"}
[2025-07-02 09:21:53] WARNING [1053e3] PHP Warning: Cannot modify header information - headers already sent by (output started at C:\BINUS\CASEMAKE\MisVord - BP WDP 25-2\App\config\session.php:10) - Context: {"file":"C:\\BINUS\\CASEMAKE\\MisVord - BP WDP 25-2\\App\\public\\test-chat-endpoint.php","line":14,"severity":2}
[2025-07-02 09:21:53] DEBUG [1053e3] Controller instantiated - Context: {"controller":"ChatController","request_uri":"","request_method":"GET","is_ajax":"no"}
[2025-07-02 09:21:53] DEBUG [1053e3] Connecting to database - Context: {"host":"localhost","port":"1003","database":"misvord","charset":"utf8mb4"}
[2025-07-02 09:21:53] INFO [1053e3] Database connected successfully - Context: {"database":"misvord"}
[2025-07-02 09:21:53] DEBUG [1053e3] Connecting to database - Context: {"host":"localhost","port":"1003","database":"misvord","charset":"utf8mb4"}
[2025-07-02 09:21:53] INFO [1053e3] Database connected successfully - Context: {"database":"misvord"}
[2025-07-02 09:21:53] DEBUG [1053e3] Input received - Context: {"content_type":"","method":"UNKNOWN","input_data":{"user_ids":[6],"group_name":"Test Group Chat","group_image":null}}
[2025-07-02 09:21:53] DEBUG [1053e3] Connecting to database - Context: {"host":"localhost","port":"1003","database":"misvord","charset":"utf8mb4"}
[2025-07-02 09:21:53] INFO [1053e3] Database connected successfully - Context: {"database":"misvord"}
[2025-07-02 09:21:53] DEBUG [1053e3] DB Query: SELECT * FROM users WHERE  id = ? LIMIT 1 - Duration: 41.72ms - Context: {"bindings":["6"],"found":true,"db_query":"SELECT * FROM users WHERE  id = ? LIMIT 1","db_duration":0.04172492027282715}
[2025-07-02 09:21:53] DEBUG [1053e3] Connecting to database - Context: {"host":"localhost","port":"1003","database":"misvord","charset":"utf8mb4"}
[2025-07-02 09:21:53] INFO [1053e3] Database connected successfully - Context: {"database":"misvord"}
[2025-07-02 09:21:53] DEBUG [1053e3] DB Query: SELECT cr.* FROM chat_rooms cr INNER JOIN chat_participants cp1 ON cr.id = cp1.chat_room_id INNER JO... - Duration: 51.88ms - Context: {"bindings":["direct",1,"6"],"found":false,"db_query":"SELECT cr.* FROM chat_rooms cr INNER JOIN chat_participants cp1 ON cr.id = cp1.chat_room_id INNER JOIN chat_participants cp2 ON cr.id = cp2.chat_room_id WHERE  cr.type = ? AND cp1.user_id = ? AND cp2.user_id = ? AND cp1.user_id != cp2.user_id   LIMIT 1","db_duration":0.051878929138183594}
[2025-07-02 09:21:53] DEBUG [1053e3] Connecting to database - Context: {"host":"localhost","port":"1003","database":"misvord","charset":"utf8mb4"}
[2025-07-02 09:21:53] INFO [1053e3] Database connected successfully - Context: {"database":"misvord"}
[2025-07-02 09:21:53] DEBUG [1053e3] DB Query: SELECT cr.* FROM chat_rooms cr INNER JOIN chat_participants cp1 ON cr.id = cp1.chat_room_id INNER JO... - Duration: 51.17ms - Context: {"bindings":["direct",1,"6"],"found":false,"db_query":"SELECT cr.* FROM chat_rooms cr INNER JOIN chat_participants cp1 ON cr.id = cp1.chat_room_id INNER JOIN chat_participants cp2 ON cr.id = cp2.chat_room_id WHERE  cr.type = ? AND cp1.user_id = ? AND cp2.user_id = ? AND cp1.user_id != cp2.user_id   LIMIT 1","db_duration":0.05117201805114746}
[2025-07-02 09:21:53] DEBUG [1053e3] Connecting to database - Context: {"host":"localhost","port":"1003","database":"misvord","charset":"utf8mb4"}
[2025-07-02 09:21:53] INFO [1053e3] Database connected successfully - Context: {"database":"misvord"}
[2025-07-02 09:21:53] DEBUG [1053e3] DB Query: INSERT INTO chat_rooms (`name`, `type`, `image_url`, `created_at`, `updated_at`) VALUES (?, ?, ?, ?,... - Duration: 2.08ms - Context: {"table":"chat_rooms","data":{"name":null,"type":"direct","image_url":null,"created_at":"2025-07-02 09:21:53","updated_at":"2025-07-02 09:21:53"},"insert_id":"10","affected_rows":1,"db_query":"INSERT INTO chat_rooms (`name`, `type`, `image_url`, `created_at`, `updated_at`) VALUES (?, ?, ?, ?, ?)","db_duration":0.002084016799926758}
[2025-07-02 09:21:53] DEBUG [1053e3] DB Query: INSERT INTO chat_participants (`chat_room_id`, `user_id`, `created_at`, `updated_at`) VALUES (?, ?, ... - Duration: 48.26ms - Context: {"table":"chat_participants","data":{"chat_room_id":"10","user_id":1,"created_at":"2025-07-02 09:21:53","updated_at":"2025-07-02 09:21:53"},"insert_id":"14","affected_rows":1,"db_query":"INSERT INTO chat_participants (`chat_room_id`, `user_id`, `created_at`, `updated_at`) VALUES (?, ?, ?, ?)","db_duration":0.048261165618896484}
[2025-07-02 09:21:53] DEBUG [1053e3] DB Query: INSERT INTO chat_participants (`chat_room_id`, `user_id`, `created_at`, `updated_at`) VALUES (?, ?, ... - Duration: 51.24ms - Context: {"table":"chat_participants","data":{"chat_room_id":"10","user_id":"6","created_at":"2025-07-02 09:21:53","updated_at":"2025-07-02 09:21:53"},"insert_id":"15","affected_rows":1,"db_query":"INSERT INTO chat_participants (`chat_room_id`, `user_id`, `created_at`, `updated_at`) VALUES (?, ?, ?, ?)","db_duration":0.05124306678771973}
[2025-07-02 09:21:53] DEBUG [1053e3] Connecting to database - Context: {"host":"localhost","port":"1003","database":"misvord","charset":"utf8mb4"}
[2025-07-02 09:21:53] INFO [1053e3] Database connected successfully - Context: {"database":"misvord"}
[2025-07-02 09:21:53] DEBUG [1053e3] DB Query: SELECT * FROM chat_rooms WHERE  id = ? LIMIT 1 - Duration: 49.55ms - Context: {"bindings":["10"],"found":true,"db_query":"SELECT * FROM chat_rooms WHERE  id = ? LIMIT 1","db_duration":0.049546003341674805}
[2025-07-02 09:21:53] WARNING [1053e3] PHP Warning: Cannot modify header information - headers already sent by (output started at C:\BINUS\CASEMAKE\MisVord - BP WDP 25-2\App\config\session.php:10) - Context: {"file":"C:\\BINUS\\CASEMAKE\\MisVord - BP WDP 25-2\\App\\controllers\\BaseController.php","line":251,"severity":2}
