[2025-06-21 07:28:35] INFO [37cc8d] Application starting - Context: {"version":"1.0.0","environment":"development","timestamp":"2025-06-21 07:28:35"}
[2025-06-21 07:28:35] DEBUG [37cc8d] Controller instantiated - Context: {"controller":"HomeController","request_uri":"/app?dm=1&id=9216d833-879c-41ed-a433-3ac4de86d059&vscodeBrowserReqId=1750465715462","request_method":"GET","is_ajax":"no"}
[2025-06-21 07:28:35] DEBUG [37cc8d] HomeController index called - Context: {"session_status":2,"user_id":"not_set","is_authenticated":false,"request_uri":"/app?dm=1&id=9216d833-879c-41ed-a433-3ac4de86d059&vscodeBrowserReqId=1750465715462"}
[2025-06-21 07:28:35] DEBUG [37cc8d] requireAuth called - Context: {"session_status":2,"user_id":"not_set","is_authenticated":false,"session_data":[]}
[2025-06-21 07:28:35] WARNING [37cc8d] User not authenticated, redirecting to login - Context: {"session_data":[],"request_uri":"/app?dm=1&id=9216d833-879c-41ed-a433-3ac4de86d059&vscodeBrowserReqId=1750465715462"}
[2025-06-21 07:28:35] INFO [392481] Application starting - Context: {"version":"1.0.0","environment":"development","timestamp":"2025-06-21 07:28:35"}
[2025-06-21 07:28:35] DEBUG [392481] Connecting to database - Context: {"host":"localhost","port":"1003","database":"misvord","charset":"utf8mb4"}
[2025-06-21 07:28:35] INFO [392481] Database connected successfully - Context: {"database":"misvord"}
[2025-06-21 07:28:35] DEBUG [392481] Connecting to database - Context: {"host":"localhost","port":"1003","database":"misvord","charset":"utf8mb4"}
[2025-06-21 07:28:35] INFO [392481] Database connected successfully - Context: {"database":"misvord"}
[2025-06-21 07:28:35] INFO [3f0d2e] Application starting - Context: {"version":"1.0.0","environment":"development","timestamp":"2025-06-21 07:28:35"}
[2025-06-21 07:28:36] INFO [4121c4] Application starting - Context: {"version":"1.0.0","environment":"development","timestamp":"2025-06-21 07:28:36"}
[2025-06-21 07:28:36] INFO [41fcb9] Application starting - Context: {"version":"1.0.0","environment":"development","timestamp":"2025-06-21 07:28:36"}
[2025-06-21 07:28:36] INFO [42b240] Application starting - Context: {"version":"1.0.0","environment":"development","timestamp":"2025-06-21 07:28:36"}
[2025-06-21 07:28:36] INFO [436400] Application starting - Context: {"version":"1.0.0","environment":"development","timestamp":"2025-06-21 07:28:36"}
[2025-06-21 07:28:36] INFO [459b0b] Application starting - Context: {"version":"1.0.0","environment":"development","timestamp":"2025-06-21 07:28:36"}
[2025-06-21 07:28:36] INFO [467e59] Application starting - Context: {"version":"1.0.0","environment":"development","timestamp":"2025-06-21 07:28:36"}
[2025-06-21 07:28:36] INFO [4d6f7e] Application starting - Context: {"version":"1.0.0","environment":"development","timestamp":"2025-06-21 07:28:36"}
[2025-06-21 07:28:36] INFO [4e2336] Application starting - Context: {"version":"1.0.0","environment":"development","timestamp":"2025-06-21 07:28:36"}
[2025-06-21 07:28:36] INFO [4ec8c5] Application starting - Context: {"version":"1.0.0","environment":"development","timestamp":"2025-06-21 07:28:36"}
[2025-06-21 07:28:37] INFO [505176] Application starting - Context: {"version":"1.0.0","environment":"development","timestamp":"2025-06-21 07:28:37"}
[2025-06-21 07:28:37] INFO [508f02] Application starting - Context: {"version":"1.0.0","environment":"development","timestamp":"2025-06-21 07:28:37"}
[2025-06-21 07:28:37] INFO [51aee8] Application starting - Context: {"version":"1.0.0","environment":"development","timestamp":"2025-06-21 07:28:37"}
[2025-06-21 07:29:39] INFO [33603e] Application starting - Context: {"version":"1.0.0","environment":"development","timestamp":"2025-06-21 07:29:39"}
[2025-06-21 07:29:39] DEBUG [33603e] Controller instantiated - Context: {"controller":"HomeController","request_uri":"/app?dm=1&id=9216d833-879c-41ed-a433-3ac4de86d059&vscodeBrowserReqId=1750465779213","request_method":"GET","is_ajax":"no"}
[2025-06-21 07:29:39] DEBUG [33603e] HomeController index called - Context: {"session_status":2,"user_id":"not_set","is_authenticated":false,"request_uri":"/app?dm=1&id=9216d833-879c-41ed-a433-3ac4de86d059&vscodeBrowserReqId=1750465779213"}
[2025-06-21 07:29:39] DEBUG [33603e] requireAuth called - Context: {"session_status":2,"user_id":"not_set","is_authenticated":false,"session_data":[]}
[2025-06-21 07:29:39] WARNING [33603e] User not authenticated, redirecting to login - Context: {"session_data":[],"request_uri":"/app?dm=1&id=9216d833-879c-41ed-a433-3ac4de86d059&vscodeBrowserReqId=1750465779213"}
[2025-06-21 07:29:39] INFO [33b7d4] Application starting - Context: {"version":"1.0.0","environment":"development","timestamp":"2025-06-21 07:29:39"}
[2025-06-21 07:29:39] DEBUG [33b7d4] Connecting to database - Context: {"host":"localhost","port":"1003","database":"misvord","charset":"utf8mb4"}
[2025-06-21 07:29:39] INFO [33b7d4] Database connected successfully - Context: {"database":"misvord"}
[2025-06-21 07:29:39] DEBUG [33b7d4] Connecting to database - Context: {"host":"localhost","port":"1003","database":"misvord","charset":"utf8mb4"}
[2025-06-21 07:29:39] INFO [33b7d4] Database connected successfully - Context: {"database":"misvord"}
[2025-06-21 07:29:39] INFO [381665] Application starting - Context: {"version":"1.0.0","environment":"development","timestamp":"2025-06-21 07:29:39"}
[2025-06-21 07:29:39] INFO [3872c4] Application starting - Context: {"version":"1.0.0","environment":"development","timestamp":"2025-06-21 07:29:39"}
[2025-06-21 07:29:39] INFO [38cb58] Application starting - Context: {"version":"1.0.0","environment":"development","timestamp":"2025-06-21 07:29:39"}
[2025-06-21 07:29:39] INFO [391f52] Application starting - Context: {"version":"1.0.0","environment":"development","timestamp":"2025-06-21 07:29:39"}
[2025-06-21 07:29:39] INFO [399e6e] Application starting - Context: {"version":"1.0.0","environment":"development","timestamp":"2025-06-21 07:29:39"}
[2025-06-21 07:29:39] INFO [3a4e79] Application starting - Context: {"version":"1.0.0","environment":"development","timestamp":"2025-06-21 07:29:39"}
[2025-06-21 07:29:39] INFO [3ac2f4] Application starting - Context: {"version":"1.0.0","environment":"development","timestamp":"2025-06-21 07:29:39"}
[2025-06-21 07:29:39] INFO [3b3856] Application starting - Context: {"version":"1.0.0","environment":"development","timestamp":"2025-06-21 07:29:39"}
[2025-06-21 07:29:39] INFO [3bc52f] Application starting - Context: {"version":"1.0.0","environment":"development","timestamp":"2025-06-21 07:29:39"}
[2025-06-21 07:29:39] INFO [3c3c32] Application starting - Context: {"version":"1.0.0","environment":"development","timestamp":"2025-06-21 07:29:39"}
[2025-06-21 07:29:39] INFO [3ca180] Application starting - Context: {"version":"1.0.0","environment":"development","timestamp":"2025-06-21 07:29:39"}
[2025-06-21 07:29:39] INFO [3cc40f] Application starting - Context: {"version":"1.0.0","environment":"development","timestamp":"2025-06-21 07:29:39"}
[2025-06-21 07:29:39] INFO [3d7058] Application starting - Context: {"version":"1.0.0","environment":"development","timestamp":"2025-06-21 07:29:39"}
[2025-06-21 07:30:26] INFO [29d037] Application starting - Context: {"version":"1.0.0","environment":"development","timestamp":"2025-06-21 07:30:26"}
[2025-06-21 07:30:26] DEBUG [29d037] Controller instantiated - Context: {"controller":"HomeController","request_uri":"/app?dm=1&id=9216d833-879c-41ed-a433-3ac4de86d059&vscodeBrowserReqId=1750465826614","request_method":"GET","is_ajax":"no"}
[2025-06-21 07:30:26] DEBUG [29d037] HomeController index called - Context: {"session_status":2,"user_id":"not_set","is_authenticated":false,"request_uri":"/app?dm=1&id=9216d833-879c-41ed-a433-3ac4de86d059&vscodeBrowserReqId=1750465826614"}
[2025-06-21 07:30:26] DEBUG [29d037] requireAuth called - Context: {"session_status":2,"user_id":"not_set","is_authenticated":false,"session_data":[]}
[2025-06-21 07:30:26] WARNING [29d037] User not authenticated, redirecting to login - Context: {"session_data":[],"request_uri":"/app?dm=1&id=9216d833-879c-41ed-a433-3ac4de86d059&vscodeBrowserReqId=1750465826614"}
[2025-06-21 07:30:26] INFO [2a4521] Application starting - Context: {"version":"1.0.0","environment":"development","timestamp":"2025-06-21 07:30:26"}
[2025-06-21 07:30:26] DEBUG [2a4521] Connecting to database - Context: {"host":"localhost","port":"1003","database":"misvord","charset":"utf8mb4"}
[2025-06-21 07:30:26] INFO [2a4521] Database connected successfully - Context: {"database":"misvord"}
[2025-06-21 07:30:26] DEBUG [2a4521] Connecting to database - Context: {"host":"localhost","port":"1003","database":"misvord","charset":"utf8mb4"}
[2025-06-21 07:30:26] INFO [2a4521] Database connected successfully - Context: {"database":"misvord"}
[2025-06-21 07:30:27] INFO [300eef] Application starting - Context: {"version":"1.0.0","environment":"development","timestamp":"2025-06-21 07:30:27"}
[2025-06-21 07:30:27] INFO [3097a9] Application starting - Context: {"version":"1.0.0","environment":"development","timestamp":"2025-06-21 07:30:27"}
[2025-06-21 07:30:27] INFO [31383b] Application starting - Context: {"version":"1.0.0","environment":"development","timestamp":"2025-06-21 07:30:27"}
[2025-06-21 07:30:27] INFO [31afc5] Application starting - Context: {"version":"1.0.0","environment":"development","timestamp":"2025-06-21 07:30:27"}
[2025-06-21 07:30:27] INFO [3229ee] Application starting - Context: {"version":"1.0.0","environment":"development","timestamp":"2025-06-21 07:30:27"}
[2025-06-21 07:30:27] INFO [3317a3] Application starting - Context: {"version":"1.0.0","environment":"development","timestamp":"2025-06-21 07:30:27"}
[2025-06-21 07:30:27] INFO [33bd40] Application starting - Context: {"version":"1.0.0","environment":"development","timestamp":"2025-06-21 07:30:27"}
[2025-06-21 07:30:27] INFO [3422c8] Application starting - Context: {"version":"1.0.0","environment":"development","timestamp":"2025-06-21 07:30:27"}
[2025-06-21 07:30:27] INFO [347436] Application starting - Context: {"version":"1.0.0","environment":"development","timestamp":"2025-06-21 07:30:27"}
[2025-06-21 07:30:27] INFO [34c96f] Application starting - Context: {"version":"1.0.0","environment":"development","timestamp":"2025-06-21 07:30:27"}
[2025-06-21 07:30:27] INFO [34df0a] Application starting - Context: {"version":"1.0.0","environment":"development","timestamp":"2025-06-21 07:30:27"}
[2025-06-21 07:30:27] INFO [353176] Application starting - Context: {"version":"1.0.0","environment":"development","timestamp":"2025-06-21 07:30:27"}
[2025-06-21 07:30:27] INFO [3579d0] Application starting - Context: {"version":"1.0.0","environment":"development","timestamp":"2025-06-21 07:30:27"}
[2025-06-21 07:30:42] INFO [26da07] Application starting - Context: {"version":"1.0.0","environment":"development","timestamp":"2025-06-21 07:30:42"}
[2025-06-21 07:31:39] INFO [b0e584] Application starting - Context: {"version":"1.0.0","environment":"development","timestamp":"2025-06-21 07:31:39"}
[2025-06-21 07:31:39] DEBUG [b0e584] Controller instantiated - Context: {"controller":"ChatController","request_uri":"/api/chat/send","request_method":"POST","is_ajax":"no"}
[2025-06-21 07:31:39] DEBUG [b0e584] requireAuth called - Context: {"session_status":2,"user_id":"not_set","is_authenticated":false,"session_data":[]}
[2025-06-21 07:31:39] WARNING [b0e584] User not authenticated, redirecting to login - Context: {"session_data":[],"request_uri":"/api/chat/send"}
[2025-06-21 07:32:02] INFO [2c609f] Application starting - Context: {"version":"1.0.0","environment":"development","timestamp":"2025-06-21 07:32:02"}
[2025-06-21 07:32:11] INFO [bb448e] Application starting - Context: {"version":"1.0.0","environment":"development","timestamp":"2025-06-21 07:32:11"}
[2025-06-21 07:32:11] DEBUG [bb448e] Controller instantiated - Context: {"controller":"HomeController","request_uri":"/app?dm=1&id=9216d833-879c-41ed-a433-3ac4de86d059&vscodeBrowserReqId=1750465931730","request_method":"GET","is_ajax":"no"}
[2025-06-21 07:32:11] DEBUG [bb448e] HomeController index called - Context: {"session_status":2,"user_id":"not_set","is_authenticated":false,"request_uri":"/app?dm=1&id=9216d833-879c-41ed-a433-3ac4de86d059&vscodeBrowserReqId=1750465931730"}
[2025-06-21 07:32:11] DEBUG [bb448e] requireAuth called - Context: {"session_status":2,"user_id":"not_set","is_authenticated":false,"session_data":[]}
[2025-06-21 07:32:11] WARNING [bb448e] User not authenticated, redirecting to login - Context: {"session_data":[],"request_uri":"/app?dm=1&id=9216d833-879c-41ed-a433-3ac4de86d059&vscodeBrowserReqId=1750465931730"}
[2025-06-21 07:32:11] INFO [bbc1de] Application starting - Context: {"version":"1.0.0","environment":"development","timestamp":"2025-06-21 07:32:11"}
[2025-06-21 07:32:11] DEBUG [bbc1de] Connecting to database - Context: {"host":"localhost","port":"1003","database":"misvord","charset":"utf8mb4"}
[2025-06-21 07:32:11] INFO [bbc1de] Database connected successfully - Context: {"database":"misvord"}
[2025-06-21 07:32:11] DEBUG [bbc1de] Connecting to database - Context: {"host":"localhost","port":"1003","database":"misvord","charset":"utf8mb4"}
[2025-06-21 07:32:11] INFO [bbc1de] Database connected successfully - Context: {"database":"misvord"}
[2025-06-21 07:32:12] INFO [c20035] Application starting - Context: {"version":"1.0.0","environment":"development","timestamp":"2025-06-21 07:32:12"}
[2025-06-21 07:32:12] INFO [c262de] Application starting - Context: {"version":"1.0.0","environment":"development","timestamp":"2025-06-21 07:32:12"}
[2025-06-21 07:32:12] INFO [c2b1aa] Application starting - Context: {"version":"1.0.0","environment":"development","timestamp":"2025-06-21 07:32:12"}
[2025-06-21 07:32:12] INFO [c2fffa] Application starting - Context: {"version":"1.0.0","environment":"development","timestamp":"2025-06-21 07:32:12"}
[2025-06-21 07:32:12] INFO [c362a4] Application starting - Context: {"version":"1.0.0","environment":"development","timestamp":"2025-06-21 07:32:12"}
[2025-06-21 07:32:12] INFO [c3cadf] Application starting - Context: {"version":"1.0.0","environment":"development","timestamp":"2025-06-21 07:32:12"}
[2025-06-21 07:32:12] INFO [c455d3] Application starting - Context: {"version":"1.0.0","environment":"development","timestamp":"2025-06-21 07:32:12"}
[2025-06-21 07:32:12] INFO [c5403c] Application starting - Context: {"version":"1.0.0","environment":"development","timestamp":"2025-06-21 07:32:12"}
[2025-06-21 07:32:12] INFO [c59053] Application starting - Context: {"version":"1.0.0","environment":"development","timestamp":"2025-06-21 07:32:12"}
[2025-06-21 07:32:12] INFO [c5e3b2] Application starting - Context: {"version":"1.0.0","environment":"development","timestamp":"2025-06-21 07:32:12"}
[2025-06-21 07:32:12] INFO [c5fc9c] Application starting - Context: {"version":"1.0.0","environment":"development","timestamp":"2025-06-21 07:32:12"}
[2025-06-21 07:32:12] INFO [c65d3b] Application starting - Context: {"version":"1.0.0","environment":"development","timestamp":"2025-06-21 07:32:12"}
[2025-06-21 07:32:12] INFO [c6bffd] Application starting - Context: {"version":"1.0.0","environment":"development","timestamp":"2025-06-21 07:32:12"}
[2025-06-21 07:36:38] INFO [671345] Application starting - Context: {"version":"1.0.0","environment":"development","timestamp":"2025-06-21 07:36:38"}
[2025-06-21 07:36:38] DEBUG [671345] Controller instantiated - Context: {"controller":"HomeController","request_uri":"/app?dm=1&id=9216d833-879c-41ed-a433-3ac4de86d059&vscodeBrowserReqId=1750466198437","request_method":"GET","is_ajax":"no"}
[2025-06-21 07:36:38] DEBUG [671345] HomeController index called - Context: {"session_status":2,"user_id":"not_set","is_authenticated":false,"request_uri":"/app?dm=1&id=9216d833-879c-41ed-a433-3ac4de86d059&vscodeBrowserReqId=1750466198437"}
[2025-06-21 07:36:38] DEBUG [671345] requireAuth called - Context: {"session_status":2,"user_id":"not_set","is_authenticated":false,"session_data":[]}
[2025-06-21 07:36:38] WARNING [671345] User not authenticated, redirecting to login - Context: {"session_data":[],"request_uri":"/app?dm=1&id=9216d833-879c-41ed-a433-3ac4de86d059&vscodeBrowserReqId=1750466198437"}
[2025-06-21 07:36:38] INFO [67c84f] Application starting - Context: {"version":"1.0.0","environment":"development","timestamp":"2025-06-21 07:36:38"}
[2025-06-21 07:36:38] DEBUG [67c84f] Connecting to database - Context: {"host":"localhost","port":"1003","database":"misvord","charset":"utf8mb4"}
[2025-06-21 07:36:38] INFO [67c84f] Database connected successfully - Context: {"database":"misvord"}
[2025-06-21 07:36:38] DEBUG [67c84f] Connecting to database - Context: {"host":"localhost","port":"1003","database":"misvord","charset":"utf8mb4"}
[2025-06-21 07:36:38] INFO [67c84f] Database connected successfully - Context: {"database":"misvord"}
[2025-06-21 07:36:38] INFO [6dbd03] Application starting - Context: {"version":"1.0.0","environment":"development","timestamp":"2025-06-21 07:36:38"}
[2025-06-21 07:36:38] INFO [6e0c57] Application starting - Context: {"version":"1.0.0","environment":"development","timestamp":"2025-06-21 07:36:38"}
[2025-06-21 07:36:38] INFO [6e68d4] Application starting - Context: {"version":"1.0.0","environment":"development","timestamp":"2025-06-21 07:36:38"}
[2025-06-21 07:36:38] INFO [6eb6ff] Application starting - Context: {"version":"1.0.0","environment":"development","timestamp":"2025-06-21 07:36:38"}
[2025-06-21 07:36:38] INFO [6f0e99] Application starting - Context: {"version":"1.0.0","environment":"development","timestamp":"2025-06-21 07:36:38"}
[2025-06-21 07:36:39] INFO [7046df] Application starting - Context: {"version":"1.0.0","environment":"development","timestamp":"2025-06-21 07:36:39"}
[2025-06-21 07:36:39] INFO [70b8bd] Application starting - Context: {"version":"1.0.0","environment":"development","timestamp":"2025-06-21 07:36:39"}
[2025-06-21 07:36:39] INFO [712888] Application starting - Context: {"version":"1.0.0","environment":"development","timestamp":"2025-06-21 07:36:39"}
[2025-06-21 07:36:39] INFO [719a72] Application starting - Context: {"version":"1.0.0","environment":"development","timestamp":"2025-06-21 07:36:39"}
[2025-06-21 07:36:39] INFO [72183a] Application starting - Context: {"version":"1.0.0","environment":"development","timestamp":"2025-06-21 07:36:39"}
[2025-06-21 07:36:39] INFO [724bbd] Application starting - Context: {"version":"1.0.0","environment":"development","timestamp":"2025-06-21 07:36:39"}
[2025-06-21 07:36:39] INFO [72c3ca] Application starting - Context: {"version":"1.0.0","environment":"development","timestamp":"2025-06-21 07:36:39"}
[2025-06-21 07:36:39] INFO [733a57] Application starting - Context: {"version":"1.0.0","environment":"development","timestamp":"2025-06-21 07:36:39"}
[2025-06-21 07:41:07] INFO [3680d0] Application starting - Context: {"version":"1.0.0","environment":"development","timestamp":"2025-06-21 07:41:07"}
[2025-06-21 07:41:07] DEBUG [3680d0] Controller instantiated - Context: {"controller":"HomeController","request_uri":"/app?dm=1&id=9216d833-879c-41ed-a433-3ac4de86d059&vscodeBrowserReqId=1750466467417","request_method":"GET","is_ajax":"no"}
[2025-06-21 07:41:07] DEBUG [3680d0] HomeController index called - Context: {"session_status":2,"user_id":"not_set","is_authenticated":false,"request_uri":"/app?dm=1&id=9216d833-879c-41ed-a433-3ac4de86d059&vscodeBrowserReqId=1750466467417"}
[2025-06-21 07:41:07] DEBUG [3680d0] requireAuth called - Context: {"session_status":2,"user_id":"not_set","is_authenticated":false,"session_data":[]}
[2025-06-21 07:41:07] WARNING [3680d0] User not authenticated, redirecting to login - Context: {"session_data":[],"request_uri":"/app?dm=1&id=9216d833-879c-41ed-a433-3ac4de86d059&vscodeBrowserReqId=1750466467417"}
[2025-06-21 07:41:07] INFO [3765e2] Application starting - Context: {"version":"1.0.0","environment":"development","timestamp":"2025-06-21 07:41:07"}
[2025-06-21 07:41:07] DEBUG [3765e2] Connecting to database - Context: {"host":"localhost","port":"1003","database":"misvord","charset":"utf8mb4"}
[2025-06-21 07:41:07] INFO [3765e2] Database connected successfully - Context: {"database":"misvord"}
[2025-06-21 07:41:07] DEBUG [3765e2] Connecting to database - Context: {"host":"localhost","port":"1003","database":"misvord","charset":"utf8mb4"}
[2025-06-21 07:41:07] INFO [3765e2] Database connected successfully - Context: {"database":"misvord"}
[2025-06-21 07:41:07] INFO [3bfe4d] Application starting - Context: {"version":"1.0.0","environment":"development","timestamp":"2025-06-21 07:41:07"}
[2025-06-21 07:41:07] INFO [3c597f] Application starting - Context: {"version":"1.0.0","environment":"development","timestamp":"2025-06-21 07:41:07"}
[2025-06-21 07:41:07] INFO [3cd660] Application starting - Context: {"version":"1.0.0","environment":"development","timestamp":"2025-06-21 07:41:07"}
[2025-06-21 07:41:07] INFO [3d7486] Application starting - Context: {"version":"1.0.0","environment":"development","timestamp":"2025-06-21 07:41:07"}
[2025-06-21 07:41:07] INFO [3df06e] Application starting - Context: {"version":"1.0.0","environment":"development","timestamp":"2025-06-21 07:41:07"}
[2025-06-21 07:41:07] INFO [3e7bf3] Application starting - Context: {"version":"1.0.0","environment":"development","timestamp":"2025-06-21 07:41:07"}
[2025-06-21 07:41:07] INFO [3ed3ef] Application starting - Context: {"version":"1.0.0","environment":"development","timestamp":"2025-06-21 07:41:07"}
[2025-06-21 07:41:08] INFO [402a81] Application starting - Context: {"version":"1.0.0","environment":"development","timestamp":"2025-06-21 07:41:08"}
[2025-06-21 07:41:08] INFO [4074f3] Application starting - Context: {"version":"1.0.0","environment":"development","timestamp":"2025-06-21 07:41:08"}
[2025-06-21 07:41:08] INFO [40c295] Application starting - Context: {"version":"1.0.0","environment":"development","timestamp":"2025-06-21 07:41:08"}
[2025-06-21 07:41:08] INFO [40de11] Application starting - Context: {"version":"1.0.0","environment":"development","timestamp":"2025-06-21 07:41:08"}
[2025-06-21 07:41:08] INFO [4169e2] Application starting - Context: {"version":"1.0.0","environment":"development","timestamp":"2025-06-21 07:41:08"}
[2025-06-21 07:41:08] INFO [41dcbc] Application starting - Context: {"version":"1.0.0","environment":"development","timestamp":"2025-06-21 07:41:08"}
[2025-06-21 08:45:42] INFO [6634a5] Application starting - Context: {"version":"1.0.0","environment":"development","timestamp":"2025-06-21 08:45:42"}
[2025-06-21 08:45:44] INFO [866e40] Application starting - Context: {"version":"1.0.0","environment":"development","timestamp":"2025-06-21 08:45:44"}
[2025-06-21 08:45:44] INFO [8b991b] Application starting - Context: {"version":"1.0.0","environment":"development","timestamp":"2025-06-21 08:45:44"}
[2025-06-21 08:45:44] INFO [8dabe6] Application starting - Context: {"version":"1.0.0","environment":"development","timestamp":"2025-06-21 08:45:44"}
[2025-06-21 08:45:44] INFO [8e06b9] Application starting - Context: {"version":"1.0.0","environment":"development","timestamp":"2025-06-21 08:45:44"}
[2025-06-21 08:45:44] INFO [8e5f0c] Application starting - Context: {"version":"1.0.0","environment":"development","timestamp":"2025-06-21 08:45:44"}
[2025-06-21 08:45:44] INFO [8f3824] Application starting - Context: {"version":"1.0.0","environment":"development","timestamp":"2025-06-21 08:45:44"}
[2025-06-21 08:45:45] INFO [905198] Application starting - Context: {"version":"1.0.0","environment":"development","timestamp":"2025-06-21 08:45:45"}
[2025-06-21 08:45:45] INFO [90a375] Application starting - Context: {"version":"1.0.0","environment":"development","timestamp":"2025-06-21 08:45:45"}
[2025-06-21 08:45:45] INFO [90fdb4] Application starting - Context: {"version":"1.0.0","environment":"development","timestamp":"2025-06-21 08:45:45"}
[2025-06-21 08:47:57] INFO [d1902b] Application starting - Context: {"version":"1.0.0","environment":"development","timestamp":"2025-06-21 08:47:57"}
[2025-06-21 08:47:57] INFO [d3d2a3] Application starting - Context: {"version":"1.0.0","environment":"development","timestamp":"2025-06-21 08:47:57"}
[2025-06-21 08:47:57] INFO [d4966d] Application starting - Context: {"version":"1.0.0","environment":"development","timestamp":"2025-06-21 08:47:57"}
[2025-06-21 08:47:57] INFO [d4fa6b] Application starting - Context: {"version":"1.0.0","environment":"development","timestamp":"2025-06-21 08:47:57"}
[2025-06-21 08:47:57] INFO [d58024] Application starting - Context: {"version":"1.0.0","environment":"development","timestamp":"2025-06-21 08:47:57"}
[2025-06-21 08:47:57] INFO [d5dcaa] Application starting - Context: {"version":"1.0.0","environment":"development","timestamp":"2025-06-21 08:47:57"}
[2025-06-21 08:47:57] INFO [d62b63] Application starting - Context: {"version":"1.0.0","environment":"development","timestamp":"2025-06-21 08:47:57"}
[2025-06-21 08:47:57] INFO [d67a06] Application starting - Context: {"version":"1.0.0","environment":"development","timestamp":"2025-06-21 08:47:57"}
[2025-06-21 08:47:57] INFO [d6d60f] Application starting - Context: {"version":"1.0.0","environment":"development","timestamp":"2025-06-21 08:47:57"}
[2025-06-21 08:47:57] INFO [d72c14] Application starting - Context: {"version":"1.0.0","environment":"development","timestamp":"2025-06-21 08:47:57"}
[2025-06-21 08:47:57] INFO [d78197] Application starting - Context: {"version":"1.0.0","environment":"development","timestamp":"2025-06-21 08:47:57"}
[2025-06-21 08:47:57] INFO [d7d1b8] Application starting - Context: {"version":"1.0.0","environment":"development","timestamp":"2025-06-21 08:47:57"}
[2025-06-21 08:47:57] INFO [d820d6] Application starting - Context: {"version":"1.0.0","environment":"development","timestamp":"2025-06-21 08:47:57"}
[2025-06-21 08:47:57] INFO [d91885] Application starting - Context: {"version":"1.0.0","environment":"development","timestamp":"2025-06-21 08:47:57"}
[2025-06-21 08:47:57] INFO [d930bc] Application starting - Context: {"version":"1.0.0","environment":"development","timestamp":"2025-06-21 08:47:57"}
[2025-06-21 08:47:57] INFO [d95329] Application starting - Context: {"version":"1.0.0","environment":"development","timestamp":"2025-06-21 08:47:57"}
[2025-06-21 08:49:35] INFO [fa1124] Application starting - Context: {"version":"1.0.0","environment":"development","timestamp":"2025-06-21 08:49:35"}
[2025-06-21 08:49:35] INFO [fb0d23] Application starting - Context: {"version":"1.0.0","environment":"development","timestamp":"2025-06-21 08:49:35"}
[2025-06-21 08:49:35] INFO [fb6ee6] Application starting - Context: {"version":"1.0.0","environment":"development","timestamp":"2025-06-21 08:49:35"}
[2025-06-21 08:49:35] INFO [fbf0e0] Application starting - Context: {"version":"1.0.0","environment":"development","timestamp":"2025-06-21 08:49:35"}
[2025-06-21 08:49:35] INFO [fc53b8] Application starting - Context: {"version":"1.0.0","environment":"development","timestamp":"2025-06-21 08:49:35"}
[2025-06-21 08:49:35] INFO [fca79a] Application starting - Context: {"version":"1.0.0","environment":"development","timestamp":"2025-06-21 08:49:35"}
[2025-06-21 08:49:35] INFO [fd39b7] Application starting - Context: {"version":"1.0.0","environment":"development","timestamp":"2025-06-21 08:49:35"}
[2025-06-21 08:49:35] INFO [fd8e8a] Application starting - Context: {"version":"1.0.0","environment":"development","timestamp":"2025-06-21 08:49:35"}
[2025-06-21 08:49:35] INFO [fdd8d3] Application starting - Context: {"version":"1.0.0","environment":"development","timestamp":"2025-06-21 08:49:35"}
[2025-06-21 08:49:35] INFO [fe309d] Application starting - Context: {"version":"1.0.0","environment":"development","timestamp":"2025-06-21 08:49:35"}
[2025-06-21 08:49:35] INFO [fe8bc7] Application starting - Context: {"version":"1.0.0","environment":"development","timestamp":"2025-06-21 08:49:35"}
[2025-06-21 08:49:36] INFO [0019c4] Application starting - Context: {"version":"1.0.0","environment":"development","timestamp":"2025-06-21 08:49:36"}
[2025-06-21 08:49:36] INFO [007b84] Application starting - Context: {"version":"1.0.0","environment":"development","timestamp":"2025-06-21 08:49:36"}
[2025-06-21 08:49:36] INFO [00a040] Application starting - Context: {"version":"1.0.0","environment":"development","timestamp":"2025-06-21 08:49:36"}
[2025-06-21 08:49:36] INFO [00b71a] Application starting - Context: {"version":"1.0.0","environment":"development","timestamp":"2025-06-21 08:49:36"}
[2025-06-21 08:49:36] INFO [00d2e1] Application starting - Context: {"version":"1.0.0","environment":"development","timestamp":"2025-06-21 08:49:36"}
[2025-06-21 08:51:10] INFO [e191d7] Application starting - Context: {"version":"1.0.0","environment":"development","timestamp":"2025-06-21 08:51:10"}
[2025-06-21 08:51:10] INFO [e22ca5] Application starting - Context: {"version":"1.0.0","environment":"development","timestamp":"2025-06-21 08:51:10"}
[2025-06-21 08:51:10] INFO [e28df9] Application starting - Context: {"version":"1.0.0","environment":"development","timestamp":"2025-06-21 08:51:10"}
[2025-06-21 08:51:10] INFO [e3132c] Application starting - Context: {"version":"1.0.0","environment":"development","timestamp":"2025-06-21 08:51:10"}
[2025-06-21 08:51:10] INFO [e3dc8e] Application starting - Context: {"version":"1.0.0","environment":"development","timestamp":"2025-06-21 08:51:10"}
[2025-06-21 08:51:10] INFO [e45ac2] Application starting - Context: {"version":"1.0.0","environment":"development","timestamp":"2025-06-21 08:51:10"}
[2025-06-21 08:51:10] INFO [e4c9d5] Application starting - Context: {"version":"1.0.0","environment":"development","timestamp":"2025-06-21 08:51:10"}
[2025-06-21 08:51:10] INFO [e51582] Application starting - Context: {"version":"1.0.0","environment":"development","timestamp":"2025-06-21 08:51:10"}
[2025-06-21 08:51:10] INFO [e560c2] Application starting - Context: {"version":"1.0.0","environment":"development","timestamp":"2025-06-21 08:51:10"}
[2025-06-21 08:51:10] INFO [e5aec5] Application starting - Context: {"version":"1.0.0","environment":"development","timestamp":"2025-06-21 08:51:10"}
[2025-06-21 08:51:10] INFO [e5ff3b] Application starting - Context: {"version":"1.0.0","environment":"development","timestamp":"2025-06-21 08:51:10"}
[2025-06-21 08:51:10] INFO [e662be] Application starting - Context: {"version":"1.0.0","environment":"development","timestamp":"2025-06-21 08:51:10"}
[2025-06-21 08:51:10] INFO [e6b541] Application starting - Context: {"version":"1.0.0","environment":"development","timestamp":"2025-06-21 08:51:10"}
[2025-06-21 08:51:10] INFO [e6e41a] Application starting - Context: {"version":"1.0.0","environment":"development","timestamp":"2025-06-21 08:51:10"}
[2025-06-21 08:51:10] INFO [e6f7fd] Application starting - Context: {"version":"1.0.0","environment":"development","timestamp":"2025-06-21 08:51:10"}
[2025-06-21 08:51:10] INFO [e70ba5] Application starting - Context: {"version":"1.0.0","environment":"development","timestamp":"2025-06-21 08:51:10"}
[2025-06-21 08:51:32] INFO [43a1c3] Application starting - Context: {"version":"1.0.0","environment":"development","timestamp":"2025-06-21 08:51:32"}
[2025-06-21 08:51:32] DEBUG [43a1c3] Controller instantiated - Context: {"controller":"HealthController","request_uri":"/api/health","request_method":"GET","is_ajax":"no"}
[2025-06-21 08:51:32] DEBUG [43a1c3] Connecting to database - Context: {"host":"localhost","port":"1003","database":"misvord","charset":"utf8mb4"}
[2025-06-21 08:51:32] INFO [43a1c3] Database connected successfully - Context: {"database":"misvord"}
[2025-06-21 08:51:39] INFO [bc222c] Application starting - Context: {"version":"1.0.0","environment":"development","timestamp":"2025-06-21 08:51:39"}
[2025-06-21 08:51:39] DEBUG [bc222c] Controller instantiated - Context: {"controller":"MediaController","request_uri":"/api/media/gifs","request_method":"GET","is_ajax":"no"}
[2025-06-21 08:51:39] DEBUG [bc222c] requireAuth called - Context: {"session_status":2,"user_id":"not_set","is_authenticated":false,"session_data":[]}
[2025-06-21 08:51:39] WARNING [bc222c] User not authenticated, redirecting to login - Context: {"session_data":[],"request_uri":"/api/media/gifs"}
[2025-06-21 09:01:05] INFO [16c0f6] Application starting - Context: {"version":"1.0.0","environment":"development","timestamp":"2025-06-21 09:01:05"}
[2025-06-21 09:01:05] INFO [178572] Application starting - Context: {"version":"1.0.0","environment":"development","timestamp":"2025-06-21 09:01:05"}
[2025-06-21 09:01:05] INFO [17dfd6] Application starting - Context: {"version":"1.0.0","environment":"development","timestamp":"2025-06-21 09:01:05"}
[2025-06-21 09:01:05] INFO [18329c] Application starting - Context: {"version":"1.0.0","environment":"development","timestamp":"2025-06-21 09:01:05"}
[2025-06-21 09:01:05] INFO [1883fc] Application starting - Context: {"version":"1.0.0","environment":"development","timestamp":"2025-06-21 09:01:05"}
[2025-06-21 09:01:05] INFO [18d7ae] Application starting - Context: {"version":"1.0.0","environment":"development","timestamp":"2025-06-21 09:01:05"}
[2025-06-21 09:01:05] INFO [192955] Application starting - Context: {"version":"1.0.0","environment":"development","timestamp":"2025-06-21 09:01:05"}
[2025-06-21 09:01:05] INFO [19819a] Application starting - Context: {"version":"1.0.0","environment":"development","timestamp":"2025-06-21 09:01:05"}
[2025-06-21 09:01:05] INFO [19f6a1] Application starting - Context: {"version":"1.0.0","environment":"development","timestamp":"2025-06-21 09:01:05"}
[2025-06-21 09:01:05] INFO [1a5c68] Application starting - Context: {"version":"1.0.0","environment":"development","timestamp":"2025-06-21 09:01:05"}
[2025-06-21 09:01:05] INFO [1aa822] Application starting - Context: {"version":"1.0.0","environment":"development","timestamp":"2025-06-21 09:01:05"}
[2025-06-21 09:01:05] INFO [1af8d9] Application starting - Context: {"version":"1.0.0","environment":"development","timestamp":"2025-06-21 09:01:05"}
[2025-06-21 09:01:05] INFO [1b549f] Application starting - Context: {"version":"1.0.0","environment":"development","timestamp":"2025-06-21 09:01:05"}
[2025-06-21 09:01:05] INFO [1b86d4] Application starting - Context: {"version":"1.0.0","environment":"development","timestamp":"2025-06-21 09:01:05"}
[2025-06-21 09:01:05] INFO [1bba5c] Application starting - Context: {"version":"1.0.0","environment":"development","timestamp":"2025-06-21 09:01:05"}
[2025-06-21 09:01:05] INFO [1bdf0f] Application starting - Context: {"version":"1.0.0","environment":"development","timestamp":"2025-06-21 09:01:05"}
[2025-06-21 09:13:55] INFO [39d673] Application starting - Context: {"version":"1.0.0","environment":"development","timestamp":"2025-06-21 09:13:55"}
[2025-06-21 09:13:55] INFO [3a564b] Application starting - Context: {"version":"1.0.0","environment":"development","timestamp":"2025-06-21 09:13:55"}
[2025-06-21 09:13:55] INFO [3b3204] Application starting - Context: {"version":"1.0.0","environment":"development","timestamp":"2025-06-21 09:13:55"}
[2025-06-21 09:13:55] INFO [3b88bf] Application starting - Context: {"version":"1.0.0","environment":"development","timestamp":"2025-06-21 09:13:55"}
[2025-06-21 09:13:55] INFO [3bdb4b] Application starting - Context: {"version":"1.0.0","environment":"development","timestamp":"2025-06-21 09:13:55"}
[2025-06-21 09:13:55] INFO [3c3eda] Application starting - Context: {"version":"1.0.0","environment":"development","timestamp":"2025-06-21 09:13:55"}
[2025-06-21 09:13:55] INFO [3c92e6] Application starting - Context: {"version":"1.0.0","environment":"development","timestamp":"2025-06-21 09:13:55"}
[2025-06-21 09:13:55] INFO [3ce27f] Application starting - Context: {"version":"1.0.0","environment":"development","timestamp":"2025-06-21 09:13:55"}
[2025-06-21 09:13:55] INFO [3d3547] Application starting - Context: {"version":"1.0.0","environment":"development","timestamp":"2025-06-21 09:13:55"}
[2025-06-21 09:13:55] INFO [3d889f] Application starting - Context: {"version":"1.0.0","environment":"development","timestamp":"2025-06-21 09:13:55"}
[2025-06-21 09:24:06] INFO [6a9ed2] Application starting - Context: {"version":"1.0.0","environment":"development","timestamp":"2025-06-21 09:24:06"}
[2025-06-21 09:24:06] INFO [6c0743] Application starting - Context: {"version":"1.0.0","environment":"development","timestamp":"2025-06-21 09:24:06"}
[2025-06-21 09:24:06] INFO [6c84fc] Application starting - Context: {"version":"1.0.0","environment":"development","timestamp":"2025-06-21 09:24:06"}
[2025-06-21 09:24:06] INFO [6d17d9] Application starting - Context: {"version":"1.0.0","environment":"development","timestamp":"2025-06-21 09:24:06"}
[2025-06-21 09:24:06] INFO [6d9859] Application starting - Context: {"version":"1.0.0","environment":"development","timestamp":"2025-06-21 09:24:06"}
[2025-06-21 09:24:06] INFO [6e0c9b] Application starting - Context: {"version":"1.0.0","environment":"development","timestamp":"2025-06-21 09:24:06"}
[2025-06-21 09:24:06] INFO [6e90b3] Application starting - Context: {"version":"1.0.0","environment":"development","timestamp":"2025-06-21 09:24:06"}
[2025-06-21 09:24:06] INFO [6f2d66] Application starting - Context: {"version":"1.0.0","environment":"development","timestamp":"2025-06-21 09:24:06"}
[2025-06-21 09:24:07] INFO [704b95] Application starting - Context: {"version":"1.0.0","environment":"development","timestamp":"2025-06-21 09:24:07"}
[2025-06-21 09:24:07] INFO [70ab3f] Application starting - Context: {"version":"1.0.0","environment":"development","timestamp":"2025-06-21 09:24:07"}
[2025-06-21 09:24:07] INFO [713140] Application starting - Context: {"version":"1.0.0","environment":"development","timestamp":"2025-06-21 09:24:07"}
[2025-06-21 09:48:02] INFO [2bd960] Application starting - Context: {"version":"1.0.0","environment":"development","timestamp":"2025-06-21 09:48:02"}
[2025-06-21 09:48:02] INFO [2ca314] Application starting - Context: {"version":"1.0.0","environment":"development","timestamp":"2025-06-21 09:48:02"}
[2025-06-21 09:48:02] INFO [2d0d66] Application starting - Context: {"version":"1.0.0","environment":"development","timestamp":"2025-06-21 09:48:02"}
[2025-06-21 09:48:02] INFO [2d6828] Application starting - Context: {"version":"1.0.0","environment":"development","timestamp":"2025-06-21 09:48:02"}
[2025-06-21 09:48:02] INFO [2dbb91] Application starting - Context: {"version":"1.0.0","environment":"development","timestamp":"2025-06-21 09:48:02"}
[2025-06-21 09:48:02] INFO [2e0f23] Application starting - Context: {"version":"1.0.0","environment":"development","timestamp":"2025-06-21 09:48:02"}
[2025-06-21 09:48:02] INFO [2e5c19] Application starting - Context: {"version":"1.0.0","environment":"development","timestamp":"2025-06-21 09:48:02"}
[2025-06-21 09:48:02] INFO [2eb1ab] Application starting - Context: {"version":"1.0.0","environment":"development","timestamp":"2025-06-21 09:48:02"}
[2025-06-21 09:48:02] INFO [2f08c5] Application starting - Context: {"version":"1.0.0","environment":"development","timestamp":"2025-06-21 09:48:02"}
[2025-06-21 09:48:03] INFO [30224b] Application starting - Context: {"version":"1.0.0","environment":"development","timestamp":"2025-06-21 09:48:03"}
[2025-06-21 10:08:57] INFO [98dde3] Application starting - Context: {"version":"1.0.0","environment":"development","timestamp":"2025-06-21 10:08:57"}
[2025-06-21 10:08:57] INFO [99eb84] Application starting - Context: {"version":"1.0.0","environment":"development","timestamp":"2025-06-21 10:08:57"}
[2025-06-21 10:08:57] INFO [9a5bae] Application starting - Context: {"version":"1.0.0","environment":"development","timestamp":"2025-06-21 10:08:57"}
[2025-06-21 10:08:57] INFO [9abfaf] Application starting - Context: {"version":"1.0.0","environment":"development","timestamp":"2025-06-21 10:08:57"}
[2025-06-21 10:08:57] INFO [9b2f6b] Application starting - Context: {"version":"1.0.0","environment":"development","timestamp":"2025-06-21 10:08:57"}
[2025-06-21 10:08:57] INFO [9bbc32] Application starting - Context: {"version":"1.0.0","environment":"development","timestamp":"2025-06-21 10:08:57"}
[2025-06-21 10:08:57] INFO [9c18e3] Application starting - Context: {"version":"1.0.0","environment":"development","timestamp":"2025-06-21 10:08:57"}
[2025-06-21 10:08:57] INFO [9c87da] Application starting - Context: {"version":"1.0.0","environment":"development","timestamp":"2025-06-21 10:08:57"}
[2025-06-21 10:08:57] INFO [9cdb45] Application starting - Context: {"version":"1.0.0","environment":"development","timestamp":"2025-06-21 10:08:57"}
[2025-06-21 10:08:57] INFO [9d42ff] Application starting - Context: {"version":"1.0.0","environment":"development","timestamp":"2025-06-21 10:08:57"}
[2025-06-21 10:08:57] INFO [9dafbc] Application starting - Context: {"version":"1.0.0","environment":"development","timestamp":"2025-06-21 10:08:57"}
[2025-06-21 10:08:57] INFO [9e05bf] Application starting - Context: {"version":"1.0.0","environment":"development","timestamp":"2025-06-21 10:08:57"}
[2025-06-21 10:08:57] INFO [9e569a] Application starting - Context: {"version":"1.0.0","environment":"development","timestamp":"2025-06-21 10:08:57"}
[2025-06-21 10:08:57] INFO [9f05bf] Application starting - Context: {"version":"1.0.0","environment":"development","timestamp":"2025-06-21 10:08:57"}
[2025-06-21 10:08:57] INFO [9f355d] Application starting - Context: {"version":"1.0.0","environment":"development","timestamp":"2025-06-21 10:08:57"}
[2025-06-21 10:08:58] INFO [a00d7f] Application starting - Context: {"version":"1.0.0","environment":"development","timestamp":"2025-06-21 10:08:58"}
[2025-06-21 10:16:48] INFO [0e4f67] Application starting - Context: {"version":"1.0.0","environment":"development","timestamp":"2025-06-21 10:16:48"}
[2025-06-21 10:16:49] INFO [135d95] Application starting - Context: {"version":"1.0.0","environment":"development","timestamp":"2025-06-21 10:16:49"}
[2025-06-21 10:16:49] INFO [13afb9] Application starting - Context: {"version":"1.0.0","environment":"development","timestamp":"2025-06-21 10:16:49"}
[2025-06-21 10:16:49] INFO [14045a] Application starting - Context: {"version":"1.0.0","environment":"development","timestamp":"2025-06-21 10:16:49"}
[2025-06-21 10:16:49] INFO [1457de] Application starting - Context: {"version":"1.0.0","environment":"development","timestamp":"2025-06-21 10:16:49"}
[2025-06-21 10:16:49] INFO [14b147] Application starting - Context: {"version":"1.0.0","environment":"development","timestamp":"2025-06-21 10:16:49"}
[2025-06-21 10:16:49] INFO [1505ad] Application starting - Context: {"version":"1.0.0","environment":"development","timestamp":"2025-06-21 10:16:49"}
[2025-06-21 10:16:49] INFO [155b90] Application starting - Context: {"version":"1.0.0","environment":"development","timestamp":"2025-06-21 10:16:49"}
[2025-06-21 10:16:49] INFO [15b39b] Application starting - Context: {"version":"1.0.0","environment":"development","timestamp":"2025-06-21 10:16:49"}
[2025-06-21 10:16:49] INFO [162edf] Application starting - Context: {"version":"1.0.0","environment":"development","timestamp":"2025-06-21 10:16:49"}
[2025-06-21 10:16:49] INFO [168af6] Application starting - Context: {"version":"1.0.0","environment":"development","timestamp":"2025-06-21 10:16:49"}
[2025-06-21 10:16:49] INFO [16eb14] Application starting - Context: {"version":"1.0.0","environment":"development","timestamp":"2025-06-21 10:16:49"}
[2025-06-21 10:16:49] INFO [173b7b] Application starting - Context: {"version":"1.0.0","environment":"development","timestamp":"2025-06-21 10:16:49"}
[2025-06-21 10:16:49] INFO [176287] Application starting - Context: {"version":"1.0.0","environment":"development","timestamp":"2025-06-21 10:16:49"}
[2025-06-21 10:16:49] INFO [177a28] Application starting - Context: {"version":"1.0.0","environment":"development","timestamp":"2025-06-21 10:16:49"}
[2025-06-21 10:16:49] INFO [179225] Application starting - Context: {"version":"1.0.0","environment":"development","timestamp":"2025-06-21 10:16:49"}
[2025-06-21 10:17:17] INFO [d9a604] Application starting - Context: {"version":"1.0.0","environment":"development","timestamp":"2025-06-21 10:17:17"}
[2025-06-21 10:27:13] INFO [189d17] Application starting - Context: {"version":"1.0.0","environment":"development","timestamp":"2025-06-21 10:27:13"}
[2025-06-21 10:27:36] INFO [804811] Application starting - Context: {"version":"1.0.0","environment":"development","timestamp":"2025-06-21 10:27:36"}
[2025-06-21 10:27:36] INFO [8105df] Application starting - Context: {"version":"1.0.0","environment":"development","timestamp":"2025-06-21 10:27:36"}
[2025-06-21 10:27:36] INFO [816930] Application starting - Context: {"version":"1.0.0","environment":"development","timestamp":"2025-06-21 10:27:36"}
[2025-06-21 10:27:36] INFO [81cf71] Application starting - Context: {"version":"1.0.0","environment":"development","timestamp":"2025-06-21 10:27:36"}
[2025-06-21 10:27:36] INFO [82239a] Application starting - Context: {"version":"1.0.0","environment":"development","timestamp":"2025-06-21 10:27:36"}
[2025-06-21 10:27:36] INFO [827bc5] Application starting - Context: {"version":"1.0.0","environment":"development","timestamp":"2025-06-21 10:27:36"}
[2025-06-21 10:27:36] INFO [82ce78] Application starting - Context: {"version":"1.0.0","environment":"development","timestamp":"2025-06-21 10:27:36"}
[2025-06-21 10:27:36] INFO [831d58] Application starting - Context: {"version":"1.0.0","environment":"development","timestamp":"2025-06-21 10:27:36"}
[2025-06-21 10:27:36] INFO [83677c] Application starting - Context: {"version":"1.0.0","environment":"development","timestamp":"2025-06-21 10:27:36"}
[2025-06-21 10:27:36] INFO [83b19b] Application starting - Context: {"version":"1.0.0","environment":"development","timestamp":"2025-06-21 10:27:36"}
[2025-06-21 10:27:36] INFO [83ffe6] Application starting - Context: {"version":"1.0.0","environment":"development","timestamp":"2025-06-21 10:27:36"}
[2025-06-21 10:27:36] INFO [844e61] Application starting - Context: {"version":"1.0.0","environment":"development","timestamp":"2025-06-21 10:27:36"}
[2025-06-21 10:27:36] INFO [84a123] Application starting - Context: {"version":"1.0.0","environment":"development","timestamp":"2025-06-21 10:27:36"}
[2025-06-21 10:27:36] INFO [84c557] Application starting - Context: {"version":"1.0.0","environment":"development","timestamp":"2025-06-21 10:27:36"}
[2025-06-21 10:27:36] INFO [84d96b] Application starting - Context: {"version":"1.0.0","environment":"development","timestamp":"2025-06-21 10:27:36"}
[2025-06-21 10:27:36] INFO [84f4db] Application starting - Context: {"version":"1.0.0","environment":"development","timestamp":"2025-06-21 10:27:36"}
[2025-06-21 10:29:09] INFO [533e20] Application starting - Context: {"version":"1.0.0","environment":"development","timestamp":"2025-06-21 10:29:09"}
[2025-06-21 11:14:58] INFO [2588c0] Application starting - Context: {"version":"1.0.0","environment":"development","timestamp":"2025-06-21 11:14:58"}
[2025-06-21 11:14:58] INFO [2699ba] Application starting - Context: {"version":"1.0.0","environment":"development","timestamp":"2025-06-21 11:14:58"}
[2025-06-21 11:14:58] INFO [26f26d] Application starting - Context: {"version":"1.0.0","environment":"development","timestamp":"2025-06-21 11:14:58"}
[2025-06-21 11:14:58] INFO [27426c] Application starting - Context: {"version":"1.0.0","environment":"development","timestamp":"2025-06-21 11:14:58"}
[2025-06-21 11:14:58] INFO [278e8e] Application starting - Context: {"version":"1.0.0","environment":"development","timestamp":"2025-06-21 11:14:58"}
[2025-06-21 11:14:58] INFO [27d99f] Application starting - Context: {"version":"1.0.0","environment":"development","timestamp":"2025-06-21 11:14:58"}
[2025-06-21 11:14:58] INFO [2831c5] Application starting - Context: {"version":"1.0.0","environment":"development","timestamp":"2025-06-21 11:14:58"}
[2025-06-21 11:14:58] INFO [288008] Application starting - Context: {"version":"1.0.0","environment":"development","timestamp":"2025-06-21 11:14:58"}
[2025-06-21 11:14:58] INFO [28d562] Application starting - Context: {"version":"1.0.0","environment":"development","timestamp":"2025-06-21 11:14:58"}
[2025-06-21 11:14:58] INFO [292d71] Application starting - Context: {"version":"1.0.0","environment":"development","timestamp":"2025-06-21 11:14:58"}
[2025-06-21 11:14:58] INFO [2b79c6] Application starting - Context: {"version":"1.0.0","environment":"development","timestamp":"2025-06-21 11:14:58"}
[2025-06-21 11:19:11] INFO [fe1b74] Application starting - Context: {"version":"1.0.0","environment":"development","timestamp":"2025-06-21 11:19:11"}
[2025-06-21 11:19:11] INFO [fea804] Application starting - Context: {"version":"1.0.0","environment":"development","timestamp":"2025-06-21 11:19:11"}
[2025-06-21 11:19:11] INFO [ff068a] Application starting - Context: {"version":"1.0.0","environment":"development","timestamp":"2025-06-21 11:19:11"}
[2025-06-21 11:19:12] INFO [001b93] Application starting - Context: {"version":"1.0.0","environment":"development","timestamp":"2025-06-21 11:19:12"}
[2025-06-21 11:19:12] INFO [00758d] Application starting - Context: {"version":"1.0.0","environment":"development","timestamp":"2025-06-21 11:19:12"}
[2025-06-21 11:19:12] INFO [00cdc6] Application starting - Context: {"version":"1.0.0","environment":"development","timestamp":"2025-06-21 11:19:12"}
[2025-06-21 11:19:12] INFO [012c51] Application starting - Context: {"version":"1.0.0","environment":"development","timestamp":"2025-06-21 11:19:12"}
[2025-06-21 11:19:12] INFO [018441] Application starting - Context: {"version":"1.0.0","environment":"development","timestamp":"2025-06-21 11:19:12"}
[2025-06-21 11:19:12] INFO [01e999] Application starting - Context: {"version":"1.0.0","environment":"development","timestamp":"2025-06-21 11:19:12"}
[2025-06-21 11:19:12] INFO [023d2b] Application starting - Context: {"version":"1.0.0","environment":"development","timestamp":"2025-06-21 11:19:12"}
[2025-06-21 11:19:12] INFO [02940b] Application starting - Context: {"version":"1.0.0","environment":"development","timestamp":"2025-06-21 11:19:12"}
[2025-06-21 11:19:12] INFO [02ee22] Application starting - Context: {"version":"1.0.0","environment":"development","timestamp":"2025-06-21 11:19:12"}
[2025-06-21 11:19:12] INFO [03628d] Application starting - Context: {"version":"1.0.0","environment":"development","timestamp":"2025-06-21 11:19:12"}
[2025-06-21 11:19:12] INFO [03c3c2] Application starting - Context: {"version":"1.0.0","environment":"development","timestamp":"2025-06-21 11:19:12"}
[2025-06-21 11:19:12] INFO [03fe93] Application starting - Context: {"version":"1.0.0","environment":"development","timestamp":"2025-06-21 11:19:12"}
[2025-06-21 11:19:12] INFO [042b30] Application starting - Context: {"version":"1.0.0","environment":"development","timestamp":"2025-06-21 11:19:12"}
[2025-06-21 11:19:12] INFO [044f72] Application starting - Context: {"version":"1.0.0","environment":"development","timestamp":"2025-06-21 11:19:12"}
[2025-06-21 11:28:49] INFO [17d56a] Application starting - Context: {"version":"1.0.0","environment":"development","timestamp":"2025-06-21 11:28:49"}
[2025-06-21 11:28:49] INFO [18c370] Application starting - Context: {"version":"1.0.0","environment":"development","timestamp":"2025-06-21 11:28:49"}
[2025-06-21 11:28:49] INFO [190f44] Application starting - Context: {"version":"1.0.0","environment":"development","timestamp":"2025-06-21 11:28:49"}
[2025-06-21 11:28:49] INFO [196c87] Application starting - Context: {"version":"1.0.0","environment":"development","timestamp":"2025-06-21 11:28:49"}
[2025-06-21 11:28:49] INFO [19d66a] Application starting - Context: {"version":"1.0.0","environment":"development","timestamp":"2025-06-21 11:28:49"}
[2025-06-21 11:28:49] INFO [1a8b1d] Application starting - Context: {"version":"1.0.0","environment":"development","timestamp":"2025-06-21 11:28:49"}
[2025-06-21 11:28:49] INFO [1af808] Application starting - Context: {"version":"1.0.0","environment":"development","timestamp":"2025-06-21 11:28:49"}
[2025-06-21 11:28:49] INFO [1b4a34] Application starting - Context: {"version":"1.0.0","environment":"development","timestamp":"2025-06-21 11:28:49"}
[2025-06-21 11:28:49] INFO [1ba15c] Application starting - Context: {"version":"1.0.0","environment":"development","timestamp":"2025-06-21 11:28:49"}
[2025-06-21 11:28:49] INFO [1bfb7a] Application starting - Context: {"version":"1.0.0","environment":"development","timestamp":"2025-06-21 11:28:49"}
[2025-06-21 11:28:49] INFO [1c4b78] Application starting - Context: {"version":"1.0.0","environment":"development","timestamp":"2025-06-21 11:28:49"}
[2025-06-21 11:28:49] INFO [1ca6d7] Application starting - Context: {"version":"1.0.0","environment":"development","timestamp":"2025-06-21 11:28:49"}
[2025-06-21 11:28:49] INFO [1d0296] Application starting - Context: {"version":"1.0.0","environment":"development","timestamp":"2025-06-21 11:28:49"}
[2025-06-21 11:28:49] INFO [1d694c] Application starting - Context: {"version":"1.0.0","environment":"development","timestamp":"2025-06-21 11:28:49"}
[2025-06-21 11:28:49] INFO [1d951e] Application starting - Context: {"version":"1.0.0","environment":"development","timestamp":"2025-06-21 11:28:49"}
[2025-06-21 11:28:49] INFO [1daee4] Application starting - Context: {"version":"1.0.0","environment":"development","timestamp":"2025-06-21 11:28:49"}
[2025-06-21 11:28:49] INFO [1dc7e9] Application starting - Context: {"version":"1.0.0","environment":"development","timestamp":"2025-06-21 11:28:49"}
[2025-06-21 11:35:12] INFO [0b7897] Application starting - Context: {"version":"1.0.0","environment":"development","timestamp":"2025-06-21 11:35:12"}
[2025-06-21 11:35:12] INFO [0c08ef] Application starting - Context: {"version":"1.0.0","environment":"development","timestamp":"2025-06-21 11:35:12"}
[2025-06-21 11:35:12] INFO [0c62eb] Application starting - Context: {"version":"1.0.0","environment":"development","timestamp":"2025-06-21 11:35:12"}
[2025-06-21 11:35:12] INFO [0cbade] Application starting - Context: {"version":"1.0.0","environment":"development","timestamp":"2025-06-21 11:35:12"}
[2025-06-21 11:35:12] INFO [0d3270] Application starting - Context: {"version":"1.0.0","environment":"development","timestamp":"2025-06-21 11:35:12"}
[2025-06-21 11:35:12] INFO [0db76e] Application starting - Context: {"version":"1.0.0","environment":"development","timestamp":"2025-06-21 11:35:12"}
[2025-06-21 11:35:12] INFO [0e19df] Application starting - Context: {"version":"1.0.0","environment":"development","timestamp":"2025-06-21 11:35:12"}
[2025-06-21 11:35:12] INFO [0e7734] Application starting - Context: {"version":"1.0.0","environment":"development","timestamp":"2025-06-21 11:35:12"}
[2025-06-21 11:35:12] INFO [0ed6ea] Application starting - Context: {"version":"1.0.0","environment":"development","timestamp":"2025-06-21 11:35:12"}
[2025-06-21 11:35:12] INFO [0f2586] Application starting - Context: {"version":"1.0.0","environment":"development","timestamp":"2025-06-21 11:35:12"}
[2025-06-21 11:35:13] INFO [103ed2] Application starting - Context: {"version":"1.0.0","environment":"development","timestamp":"2025-06-21 11:35:13"}
[2025-06-21 11:35:13] INFO [109dea] Application starting - Context: {"version":"1.0.0","environment":"development","timestamp":"2025-06-21 11:35:13"}
[2025-06-21 11:35:13] INFO [10f221] Application starting - Context: {"version":"1.0.0","environment":"development","timestamp":"2025-06-21 11:35:13"}
[2025-06-21 11:35:13] INFO [114494] Application starting - Context: {"version":"1.0.0","environment":"development","timestamp":"2025-06-21 11:35:13"}
[2025-06-21 11:35:13] INFO [11723a] Application starting - Context: {"version":"1.0.0","environment":"development","timestamp":"2025-06-21 11:35:13"}
[2025-06-21 11:35:13] INFO [119a08] Application starting - Context: {"version":"1.0.0","environment":"development","timestamp":"2025-06-21 11:35:13"}
[2025-06-21 11:35:13] INFO [11b984] Application starting - Context: {"version":"1.0.0","environment":"development","timestamp":"2025-06-21 11:35:13"}
[2025-06-21 11:36:50] INFO [28fe8a] Application starting - Context: {"version":"1.0.0","environment":"development","timestamp":"2025-06-21 11:36:50"}
[2025-06-21 11:36:50] DEBUG [28fe8a] Controller instantiated - Context: {"controller":"HomeController","request_uri":"/home?id=8d6e829d-4a92-4cdf-b21c-0e2fb5834d0e&vscodeBrowserReqId=1750480610577","request_method":"GET","is_ajax":"no"}
[2025-06-21 11:36:50] DEBUG [28fe8a] HomeController index called - Context: {"session_status":2,"user_id":"not_set","is_authenticated":false,"request_uri":"/home?id=8d6e829d-4a92-4cdf-b21c-0e2fb5834d0e&vscodeBrowserReqId=1750480610577"}
[2025-06-21 11:36:50] DEBUG [28fe8a] requireAuth called - Context: {"session_status":2,"user_id":"not_set","is_authenticated":false,"session_data":[]}
[2025-06-21 11:36:50] WARNING [28fe8a] User not authenticated, redirecting to login - Context: {"session_data":[],"request_uri":"/home?id=8d6e829d-4a92-4cdf-b21c-0e2fb5834d0e&vscodeBrowserReqId=1750480610577"}
[2025-06-21 11:36:50] INFO [29832b] Application starting - Context: {"version":"1.0.0","environment":"development","timestamp":"2025-06-21 11:36:50"}
[2025-06-21 11:36:50] DEBUG [29832b] Connecting to database - Context: {"host":"localhost","port":"1003","database":"misvord","charset":"utf8mb4"}
[2025-06-21 11:36:50] INFO [29832b] Database connected successfully - Context: {"database":"misvord"}
[2025-06-21 11:36:50] DEBUG [29832b] Connecting to database - Context: {"host":"localhost","port":"1003","database":"misvord","charset":"utf8mb4"}
[2025-06-21 11:36:50] INFO [29832b] Database connected successfully - Context: {"database":"misvord"}
[2025-06-21 11:36:50] INFO [2e4e2f] Application starting - Context: {"version":"1.0.0","environment":"development","timestamp":"2025-06-21 11:36:50"}
[2025-06-21 11:36:50] INFO [2f1c94] Application starting - Context: {"version":"1.0.0","environment":"development","timestamp":"2025-06-21 11:36:50"}
[2025-06-21 11:36:51] INFO [30578a] Application starting - Context: {"version":"1.0.0","environment":"development","timestamp":"2025-06-21 11:36:51"}
[2025-06-21 11:36:51] INFO [30c37e] Application starting - Context: {"version":"1.0.0","environment":"development","timestamp":"2025-06-21 11:36:51"}
[2025-06-21 11:36:51] INFO [31390a] Application starting - Context: {"version":"1.0.0","environment":"development","timestamp":"2025-06-21 11:36:51"}
[2025-06-21 11:36:51] INFO [31af8d] Application starting - Context: {"version":"1.0.0","environment":"development","timestamp":"2025-06-21 11:36:51"}
[2025-06-21 11:36:51] INFO [32278c] Application starting - Context: {"version":"1.0.0","environment":"development","timestamp":"2025-06-21 11:36:51"}
[2025-06-21 11:36:51] INFO [329755] Application starting - Context: {"version":"1.0.0","environment":"development","timestamp":"2025-06-21 11:36:51"}
[2025-06-21 11:36:51] INFO [331531] Application starting - Context: {"version":"1.0.0","environment":"development","timestamp":"2025-06-21 11:36:51"}
[2025-06-21 11:36:51] INFO [337fca] Application starting - Context: {"version":"1.0.0","environment":"development","timestamp":"2025-06-21 11:36:51"}
[2025-06-21 11:36:51] INFO [33f53e] Application starting - Context: {"version":"1.0.0","environment":"development","timestamp":"2025-06-21 11:36:51"}
[2025-06-21 11:36:51] INFO [346369] Application starting - Context: {"version":"1.0.0","environment":"development","timestamp":"2025-06-21 11:36:51"}
[2025-06-21 11:36:51] INFO [34909c] Application starting - Context: {"version":"1.0.0","environment":"development","timestamp":"2025-06-21 11:36:51"}
[2025-06-21 11:36:51] INFO [34f364] Application starting - Context: {"version":"1.0.0","environment":"development","timestamp":"2025-06-21 11:36:51"}
[2025-06-21 11:36:51] INFO [354a59] Application starting - Context: {"version":"1.0.0","environment":"development","timestamp":"2025-06-21 11:36:51"}
[2025-06-21 11:37:32] INFO [cc75ba] Application starting - Context: {"version":"1.0.0","environment":"development","timestamp":"2025-06-21 11:37:32"}
[2025-06-21 11:37:32] INFO [cdb819] Application starting - Context: {"version":"1.0.0","environment":"development","timestamp":"2025-06-21 11:37:32"}
[2025-06-21 11:37:32] INFO [ce686e] Application starting - Context: {"version":"1.0.0","environment":"development","timestamp":"2025-06-21 11:37:32"}
[2025-06-21 11:37:32] INFO [cf1f62] Application starting - Context: {"version":"1.0.0","environment":"development","timestamp":"2025-06-21 11:37:32"}
[2025-06-21 11:37:33] INFO [d0b90f] Application starting - Context: {"version":"1.0.0","environment":"development","timestamp":"2025-06-21 11:37:33"}
[2025-06-21 11:37:33] INFO [d170f2] Application starting - Context: {"version":"1.0.0","environment":"development","timestamp":"2025-06-21 11:37:33"}
[2025-06-21 11:37:33] INFO [d72227] Application starting - Context: {"version":"1.0.0","environment":"development","timestamp":"2025-06-21 11:37:33"}
[2025-06-21 11:37:33] INFO [d7d516] Application starting - Context: {"version":"1.0.0","environment":"development","timestamp":"2025-06-21 11:37:33"}
[2025-06-21 11:37:33] INFO [d8775c] Application starting - Context: {"version":"1.0.0","environment":"development","timestamp":"2025-06-21 11:37:33"}
[2025-06-21 11:37:33] INFO [d921ce] Application starting - Context: {"version":"1.0.0","environment":"development","timestamp":"2025-06-21 11:37:33"}
[2025-06-21 11:37:33] INFO [d9edbd] Application starting - Context: {"version":"1.0.0","environment":"development","timestamp":"2025-06-21 11:37:33"}
[2025-06-21 11:37:33] INFO [daa588] Application starting - Context: {"version":"1.0.0","environment":"development","timestamp":"2025-06-21 11:37:33"}
[2025-06-21 11:37:33] INFO [db5e05] Application starting - Context: {"version":"1.0.0","environment":"development","timestamp":"2025-06-21 11:37:33"}
[2025-06-21 11:37:33] INFO [dc17f7] Application starting - Context: {"version":"1.0.0","environment":"development","timestamp":"2025-06-21 11:37:33"}
[2025-06-21 11:37:33] INFO [dc7bb1] Application starting - Context: {"version":"1.0.0","environment":"development","timestamp":"2025-06-21 11:37:33"}
[2025-06-21 11:37:33] INFO [dcba01] Application starting - Context: {"version":"1.0.0","environment":"development","timestamp":"2025-06-21 11:37:33"}
[2025-06-21 11:37:33] INFO [dcf6cc] Application starting - Context: {"version":"1.0.0","environment":"development","timestamp":"2025-06-21 11:37:33"}
[2025-06-21 11:39:04] INFO [86a152] Application starting - Context: {"version":"1.0.0","environment":"development","timestamp":"2025-06-21 11:39:04"}
[2025-06-21 11:39:04] INFO [87c6ea] Application starting - Context: {"version":"1.0.0","environment":"development","timestamp":"2025-06-21 11:39:04"}
[2025-06-21 11:39:04] INFO [8877ba] Application starting - Context: {"version":"1.0.0","environment":"development","timestamp":"2025-06-21 11:39:04"}
[2025-06-21 11:39:04] INFO [8922c7] Application starting - Context: {"version":"1.0.0","environment":"development","timestamp":"2025-06-21 11:39:04"}
[2025-06-21 11:39:04] INFO [89d993] Application starting - Context: {"version":"1.0.0","environment":"development","timestamp":"2025-06-21 11:39:04"}
[2025-06-21 11:39:04] INFO [8aaa27] Application starting - Context: {"version":"1.0.0","environment":"development","timestamp":"2025-06-21 11:39:04"}
[2025-06-21 11:39:05] INFO [909246] Application starting - Context: {"version":"1.0.0","environment":"development","timestamp":"2025-06-21 11:39:05"}
[2025-06-21 11:39:05] INFO [916021] Application starting - Context: {"version":"1.0.0","environment":"development","timestamp":"2025-06-21 11:39:05"}
[2025-06-21 11:39:05] INFO [9235f5] Application starting - Context: {"version":"1.0.0","environment":"development","timestamp":"2025-06-21 11:39:05"}
[2025-06-21 11:39:05] INFO [92fcb7] Application starting - Context: {"version":"1.0.0","environment":"development","timestamp":"2025-06-21 11:39:05"}
[2025-06-21 11:39:05] INFO [93c5e0] Application starting - Context: {"version":"1.0.0","environment":"development","timestamp":"2025-06-21 11:39:05"}
[2025-06-21 11:39:05] INFO [947a4e] Application starting - Context: {"version":"1.0.0","environment":"development","timestamp":"2025-06-21 11:39:05"}
[2025-06-21 11:39:05] INFO [953d2a] Application starting - Context: {"version":"1.0.0","environment":"development","timestamp":"2025-06-21 11:39:05"}
[2025-06-21 11:39:05] INFO [95f6de] Application starting - Context: {"version":"1.0.0","environment":"development","timestamp":"2025-06-21 11:39:05"}
[2025-06-21 11:39:05] INFO [97715a] Application starting - Context: {"version":"1.0.0","environment":"development","timestamp":"2025-06-21 11:39:05"}
[2025-06-21 11:39:05] INFO [97d736] Application starting - Context: {"version":"1.0.0","environment":"development","timestamp":"2025-06-21 11:39:05"}
[2025-06-21 11:39:05] INFO [982f62] Application starting - Context: {"version":"1.0.0","environment":"development","timestamp":"2025-06-21 11:39:05"}
[2025-06-21 11:39:23] INFO [be1726] Application starting - Context: {"version":"1.0.0","environment":"development","timestamp":"2025-06-21 11:39:23"}
[2025-06-21 11:39:23] DEBUG [be1726] Controller instantiated - Context: {"controller":"HomeController","request_uri":"/home","request_method":"GET","is_ajax":"no"}
[2025-06-21 11:39:23] DEBUG [be1726] HomeController index called - Context: {"session_status":2,"user_id":"not_set","is_authenticated":false,"request_uri":"/home"}
[2025-06-21 11:39:23] DEBUG [be1726] requireAuth called - Context: {"session_status":2,"user_id":"not_set","is_authenticated":false,"session_data":[]}
[2025-06-21 11:39:23] WARNING [be1726] User not authenticated, redirecting to login - Context: {"session_data":[],"request_uri":"/home"}
[2025-06-21 11:39:32] INFO [46976d] Application starting - Context: {"version":"1.0.0","environment":"development","timestamp":"2025-06-21 11:39:32"}
[2025-06-21 11:39:32] DEBUG [46976d] Controller instantiated - Context: {"controller":"HomeController","request_uri":"/home","request_method":"GET","is_ajax":"no"}
[2025-06-21 11:39:32] DEBUG [46976d] HomeController index called - Context: {"session_status":2,"user_id":"not_set","is_authenticated":false,"request_uri":"/home"}
[2025-06-21 11:39:32] DEBUG [46976d] requireAuth called - Context: {"session_status":2,"user_id":"not_set","is_authenticated":false,"session_data":[]}
[2025-06-21 11:39:32] WARNING [46976d] User not authenticated, redirecting to login - Context: {"session_data":[],"request_uri":"/home"}
[2025-06-21 11:39:32] INFO [4703ae] Application starting - Context: {"version":"1.0.0","environment":"development","timestamp":"2025-06-21 11:39:32"}
[2025-06-21 11:39:32] DEBUG [4703ae] Connecting to database - Context: {"host":"localhost","port":"1003","database":"misvord","charset":"utf8mb4"}
[2025-06-21 11:39:32] INFO [4703ae] Database connected successfully - Context: {"database":"misvord"}
[2025-06-21 11:39:32] DEBUG [4703ae] Connecting to database - Context: {"host":"localhost","port":"1003","database":"misvord","charset":"utf8mb4"}
[2025-06-21 11:39:32] INFO [4703ae] Database connected successfully - Context: {"database":"misvord"}
[2025-06-21 11:39:55] INFO [bcc3a7] Application starting - Context: {"version":"1.0.0","environment":"development","timestamp":"2025-06-21 11:39:55"}
[2025-06-21 11:39:55] DEBUG [bcc3a7] Controller instantiated - Context: {"controller":"HomeController","request_uri":"/home?id=8d6e829d-4a92-4cdf-b21c-0e2fb5834d0e&vscodeBrowserReqId=1750480795827","request_method":"GET","is_ajax":"no"}
[2025-06-21 11:39:55] DEBUG [bcc3a7] HomeController index called - Context: {"session_status":2,"user_id":"not_set","is_authenticated":false,"request_uri":"/home?id=8d6e829d-4a92-4cdf-b21c-0e2fb5834d0e&vscodeBrowserReqId=1750480795827"}
[2025-06-21 11:39:55] DEBUG [bcc3a7] requireAuth called - Context: {"session_status":2,"user_id":"not_set","is_authenticated":false,"session_data":[]}
[2025-06-21 11:39:55] WARNING [bcc3a7] User not authenticated, redirecting to login - Context: {"session_data":[],"request_uri":"/home?id=8d6e829d-4a92-4cdf-b21c-0e2fb5834d0e&vscodeBrowserReqId=1750480795827"}
[2025-06-21 11:39:55] INFO [bd3ef6] Application starting - Context: {"version":"1.0.0","environment":"development","timestamp":"2025-06-21 11:39:55"}
[2025-06-21 11:39:55] DEBUG [bd3ef6] Connecting to database - Context: {"host":"localhost","port":"1003","database":"misvord","charset":"utf8mb4"}
[2025-06-21 11:39:55] INFO [bd3ef6] Database connected successfully - Context: {"database":"misvord"}
[2025-06-21 11:39:56] DEBUG [bd3ef6] Connecting to database - Context: {"host":"localhost","port":"1003","database":"misvord","charset":"utf8mb4"}
[2025-06-21 11:39:56] INFO [bd3ef6] Database connected successfully - Context: {"database":"misvord"}
[2025-06-21 11:39:56] INFO [c33b5a] Application starting - Context: {"version":"1.0.0","environment":"development","timestamp":"2025-06-21 11:39:56"}
[2025-06-21 11:39:56] INFO [c3f14f] Application starting - Context: {"version":"1.0.0","environment":"development","timestamp":"2025-06-21 11:39:56"}
[2025-06-21 11:39:56] INFO [c444a4] Application starting - Context: {"version":"1.0.0","environment":"development","timestamp":"2025-06-21 11:39:56"}
[2025-06-21 11:39:56] INFO [c51959] Application starting - Context: {"version":"1.0.0","environment":"development","timestamp":"2025-06-21 11:39:56"}
[2025-06-21 11:39:56] INFO [c5a9a5] Application starting - Context: {"version":"1.0.0","environment":"development","timestamp":"2025-06-21 11:39:56"}
[2025-06-21 11:39:56] INFO [c62e2e] Application starting - Context: {"version":"1.0.0","environment":"development","timestamp":"2025-06-21 11:39:56"}
[2025-06-21 11:39:56] INFO [c6a8c8] Application starting - Context: {"version":"1.0.0","environment":"development","timestamp":"2025-06-21 11:39:56"}
[2025-06-21 11:39:56] INFO [c6fc2d] Application starting - Context: {"version":"1.0.0","environment":"development","timestamp":"2025-06-21 11:39:56"}
[2025-06-21 11:39:56] INFO [c74f4e] Application starting - Context: {"version":"1.0.0","environment":"development","timestamp":"2025-06-21 11:39:56"}
[2025-06-21 11:39:56] INFO [c7a2f4] Application starting - Context: {"version":"1.0.0","environment":"development","timestamp":"2025-06-21 11:39:56"}
[2025-06-21 11:39:56] INFO [c7f02d] Application starting - Context: {"version":"1.0.0","environment":"development","timestamp":"2025-06-21 11:39:56"}
[2025-06-21 11:39:56] INFO [c8419c] Application starting - Context: {"version":"1.0.0","environment":"development","timestamp":"2025-06-21 11:39:56"}
[2025-06-21 11:39:56] INFO [c86c96] Application starting - Context: {"version":"1.0.0","environment":"development","timestamp":"2025-06-21 11:39:56"}
[2025-06-21 11:39:56] INFO [c8f0f9] Application starting - Context: {"version":"1.0.0","environment":"development","timestamp":"2025-06-21 11:39:56"}
[2025-06-21 11:39:56] INFO [c94874] Application starting - Context: {"version":"1.0.0","environment":"development","timestamp":"2025-06-21 11:39:56"}
[2025-06-21 12:10:29] INFO [526f56] Application starting - Context: {"version":"1.0.0","environment":"development","timestamp":"2025-06-21 12:10:29"}
[2025-06-21 12:10:29] INFO [538ee7] Application starting - Context: {"version":"1.0.0","environment":"development","timestamp":"2025-06-21 12:10:29"}
[2025-06-21 12:10:29] INFO [557d3b] Application starting - Context: {"version":"1.0.0","environment":"development","timestamp":"2025-06-21 12:10:29"}
[2025-06-21 12:10:29] INFO [560964] Application starting - Context: {"version":"1.0.0","environment":"development","timestamp":"2025-06-21 12:10:29"}
[2025-06-21 12:10:29] INFO [569482] Application starting - Context: {"version":"1.0.0","environment":"development","timestamp":"2025-06-21 12:10:29"}
[2025-06-21 12:10:29] INFO [570dc2] Application starting - Context: {"version":"1.0.0","environment":"development","timestamp":"2025-06-21 12:10:29"}
[2025-06-21 12:10:29] INFO [57a7ee] Application starting - Context: {"version":"1.0.0","environment":"development","timestamp":"2025-06-21 12:10:29"}
[2025-06-21 12:10:29] INFO [58258a] Application starting - Context: {"version":"1.0.0","environment":"development","timestamp":"2025-06-21 12:10:29"}
[2025-06-21 12:10:29] INFO [588c05] Application starting - Context: {"version":"1.0.0","environment":"development","timestamp":"2025-06-21 12:10:29"}
[2025-06-21 12:10:29] INFO [58e084] Application starting - Context: {"version":"1.0.0","environment":"development","timestamp":"2025-06-21 12:10:29"}
[2025-06-21 12:11:14] INFO [2b2a5c] Application starting - Context: {"version":"1.0.0","environment":"development","timestamp":"2025-06-21 12:11:14"}
[2025-06-21 12:11:14] INFO [2ba684] Application starting - Context: {"version":"1.0.0","environment":"development","timestamp":"2025-06-21 12:11:14"}
[2025-06-21 12:11:14] INFO [2c6cff] Application starting - Context: {"version":"1.0.0","environment":"development","timestamp":"2025-06-21 12:11:14"}
[2025-06-21 12:11:14] INFO [2cbf3a] Application starting - Context: {"version":"1.0.0","environment":"development","timestamp":"2025-06-21 12:11:14"}
[2025-06-21 12:11:14] INFO [2d24f8] Application starting - Context: {"version":"1.0.0","environment":"development","timestamp":"2025-06-21 12:11:14"}
[2025-06-21 12:11:14] INFO [2dab0f] Application starting - Context: {"version":"1.0.0","environment":"development","timestamp":"2025-06-21 12:11:14"}
[2025-06-21 12:11:14] INFO [2e5394] Application starting - Context: {"version":"1.0.0","environment":"development","timestamp":"2025-06-21 12:11:14"}
[2025-06-21 12:11:14] INFO [2eef58] Application starting - Context: {"version":"1.0.0","environment":"development","timestamp":"2025-06-21 12:11:14"}
[2025-06-21 12:11:14] INFO [2f3f9a] Application starting - Context: {"version":"1.0.0","environment":"development","timestamp":"2025-06-21 12:11:14"}
[2025-06-21 12:11:15] INFO [305763] Application starting - Context: {"version":"1.0.0","environment":"development","timestamp":"2025-06-21 12:11:15"}
[2025-06-21 12:11:15] INFO [30c077] Application starting - Context: {"version":"1.0.0","environment":"development","timestamp":"2025-06-21 12:11:15"}
[2025-06-21 12:11:15] INFO [315cd3] Application starting - Context: {"version":"1.0.0","environment":"development","timestamp":"2025-06-21 12:11:15"}
[2025-06-21 12:11:15] INFO [31c74b] Application starting - Context: {"version":"1.0.0","environment":"development","timestamp":"2025-06-21 12:11:15"}
[2025-06-21 12:11:15] INFO [322480] Application starting - Context: {"version":"1.0.0","environment":"development","timestamp":"2025-06-21 12:11:15"}
[2025-06-21 12:11:15] INFO [328da4] Application starting - Context: {"version":"1.0.0","environment":"development","timestamp":"2025-06-21 12:11:15"}
[2025-06-21 12:11:15] INFO [32bc5a] Application starting - Context: {"version":"1.0.0","environment":"development","timestamp":"2025-06-21 12:11:15"}
[2025-06-21 12:11:15] INFO [32d4a6] Application starting - Context: {"version":"1.0.0","environment":"development","timestamp":"2025-06-21 12:11:15"}
[2025-06-21 12:11:15] INFO [32e8bf] Application starting - Context: {"version":"1.0.0","environment":"development","timestamp":"2025-06-21 12:11:15"}
[2025-06-21 12:12:32] INFO [0e09aa] Application starting - Context: {"version":"1.0.0","environment":"development","timestamp":"2025-06-21 12:12:32"}
[2025-06-21 12:12:32] INFO [0eea3c] Application starting - Context: {"version":"1.0.0","environment":"development","timestamp":"2025-06-21 12:12:32"}
[2025-06-21 12:12:33] INFO [1020a7] Application starting - Context: {"version":"1.0.0","environment":"development","timestamp":"2025-06-21 12:12:33"}
[2025-06-21 12:12:33] INFO [10999f] Application starting - Context: {"version":"1.0.0","environment":"development","timestamp":"2025-06-21 12:12:33"}
[2025-06-21 12:12:33] INFO [11220f] Application starting - Context: {"version":"1.0.0","environment":"development","timestamp":"2025-06-21 12:12:33"}
[2025-06-21 12:12:33] INFO [11cc37] Application starting - Context: {"version":"1.0.0","environment":"development","timestamp":"2025-06-21 12:12:33"}
[2025-06-21 12:12:33] INFO [12b11c] Application starting - Context: {"version":"1.0.0","environment":"development","timestamp":"2025-06-21 12:12:33"}
[2025-06-21 12:12:33] INFO [137316] Application starting - Context: {"version":"1.0.0","environment":"development","timestamp":"2025-06-21 12:12:33"}
[2025-06-21 12:12:33] INFO [14160a] Application starting - Context: {"version":"1.0.0","environment":"development","timestamp":"2025-06-21 12:12:33"}
[2025-06-21 12:12:33] INFO [149c70] Application starting - Context: {"version":"1.0.0","environment":"development","timestamp":"2025-06-21 12:12:33"}
[2025-06-21 12:12:33] INFO [153a8c] Application starting - Context: {"version":"1.0.0","environment":"development","timestamp":"2025-06-21 12:12:33"}
[2025-06-21 12:12:33] INFO [15e894] Application starting - Context: {"version":"1.0.0","environment":"development","timestamp":"2025-06-21 12:12:33"}
[2025-06-21 12:12:33] INFO [164b48] Application starting - Context: {"version":"1.0.0","environment":"development","timestamp":"2025-06-21 12:12:33"}
[2025-06-21 12:12:33] INFO [16b661] Application starting - Context: {"version":"1.0.0","environment":"development","timestamp":"2025-06-21 12:12:33"}
[2025-06-21 12:12:33] INFO [170816] Application starting - Context: {"version":"1.0.0","environment":"development","timestamp":"2025-06-21 12:12:33"}
[2025-06-21 12:12:33] INFO [17332a] Application starting - Context: {"version":"1.0.0","environment":"development","timestamp":"2025-06-21 12:12:33"}
[2025-06-21 12:12:33] INFO [1745ba] Application starting - Context: {"version":"1.0.0","environment":"development","timestamp":"2025-06-21 12:12:33"}
[2025-06-21 12:12:33] INFO [175c87] Application starting - Context: {"version":"1.0.0","environment":"development","timestamp":"2025-06-21 12:12:33"}
[2025-06-21 12:12:37] INFO [55fc4d] Application starting - Context: {"version":"1.0.0","environment":"development","timestamp":"2025-06-21 12:12:37"}
[2025-06-21 12:12:37] INFO [5684bb] Application starting - Context: {"version":"1.0.0","environment":"development","timestamp":"2025-06-21 12:12:37"}
[2025-06-21 12:12:37] INFO [56ebec] Application starting - Context: {"version":"1.0.0","environment":"development","timestamp":"2025-06-21 12:12:37"}
[2025-06-21 12:12:37] INFO [577f59] Application starting - Context: {"version":"1.0.0","environment":"development","timestamp":"2025-06-21 12:12:37"}
[2025-06-21 12:12:37] INFO [582e5f] Application starting - Context: {"version":"1.0.0","environment":"development","timestamp":"2025-06-21 12:12:37"}
[2025-06-21 12:12:37] INFO [589f97] Application starting - Context: {"version":"1.0.0","environment":"development","timestamp":"2025-06-21 12:12:37"}
[2025-06-21 12:12:37] INFO [596602] Application starting - Context: {"version":"1.0.0","environment":"development","timestamp":"2025-06-21 12:12:37"}
[2025-06-21 12:12:37] INFO [5a678b] Application starting - Context: {"version":"1.0.0","environment":"development","timestamp":"2025-06-21 12:12:37"}
[2025-06-21 12:12:37] INFO [5b1b15] Application starting - Context: {"version":"1.0.0","environment":"development","timestamp":"2025-06-21 12:12:37"}
[2025-06-21 12:12:37] INFO [5b9e0c] Application starting - Context: {"version":"1.0.0","environment":"development","timestamp":"2025-06-21 12:12:37"}
[2025-06-21 15:32:02] INFO [2bb394] Application starting - Context: {"version":"1.0.0","environment":"development","timestamp":"2025-06-21 15:32:02"}
[2025-06-21 15:32:03] INFO [309c73] Application starting - Context: {"version":"1.0.0","environment":"development","timestamp":"2025-06-21 15:32:03"}
[2025-06-21 15:32:03] INFO [35bb11] Application starting - Context: {"version":"1.0.0","environment":"development","timestamp":"2025-06-21 15:32:03"}
[2025-06-21 15:32:03] INFO [361256] Application starting - Context: {"version":"1.0.0","environment":"development","timestamp":"2025-06-21 15:32:03"}
[2025-06-21 15:32:03] INFO [3666be] Application starting - Context: {"version":"1.0.0","environment":"development","timestamp":"2025-06-21 15:32:03"}
[2025-06-21 15:32:03] INFO [36da00] Application starting - Context: {"version":"1.0.0","environment":"development","timestamp":"2025-06-21 15:32:03"}
[2025-06-21 15:32:03] INFO [3735c6] Application starting - Context: {"version":"1.0.0","environment":"development","timestamp":"2025-06-21 15:32:03"}
[2025-06-21 15:32:03] INFO [379062] Application starting - Context: {"version":"1.0.0","environment":"development","timestamp":"2025-06-21 15:32:03"}
[2025-06-21 15:32:03] INFO [37f963] Application starting - Context: {"version":"1.0.0","environment":"development","timestamp":"2025-06-21 15:32:03"}
[2025-06-21 15:32:03] INFO [385204] Application starting - Context: {"version":"1.0.0","environment":"development","timestamp":"2025-06-21 15:32:03"}
[2025-06-21 15:49:56] INFO [41c253] Application starting - Context: {"version":"1.0.0","environment":"development","timestamp":"2025-06-21 15:49:56"}
[2025-06-21 15:49:56] INFO [42d8f3] Application starting - Context: {"version":"1.0.0","environment":"development","timestamp":"2025-06-21 15:49:56"}
[2025-06-21 15:49:56] INFO [43d740] Application starting - Context: {"version":"1.0.0","environment":"development","timestamp":"2025-06-21 15:49:56"}
[2025-06-21 15:49:56] INFO [442d32] Application starting - Context: {"version":"1.0.0","environment":"development","timestamp":"2025-06-21 15:49:56"}
[2025-06-21 15:49:56] INFO [448aff] Application starting - Context: {"version":"1.0.0","environment":"development","timestamp":"2025-06-21 15:49:56"}
[2025-06-21 15:49:56] INFO [44e1e0] Application starting - Context: {"version":"1.0.0","environment":"development","timestamp":"2025-06-21 15:49:56"}
[2025-06-21 15:49:56] INFO [4530ef] Application starting - Context: {"version":"1.0.0","environment":"development","timestamp":"2025-06-21 15:49:56"}
[2025-06-21 15:49:56] INFO [457e17] Application starting - Context: {"version":"1.0.0","environment":"development","timestamp":"2025-06-21 15:49:56"}
[2025-06-21 15:49:56] INFO [45d278] Application starting - Context: {"version":"1.0.0","environment":"development","timestamp":"2025-06-21 15:49:56"}
[2025-06-21 15:49:56] INFO [4621c6] Application starting - Context: {"version":"1.0.0","environment":"development","timestamp":"2025-06-21 15:49:56"}
[2025-06-21 15:49:56] INFO [46ba37] Application starting - Context: {"version":"1.0.0","environment":"development","timestamp":"2025-06-21 15:49:56"}
