[2025-07-08 11:05:23] DEBUG [3c572e] Controller instantiated - Context: {"controller":"ServerController","request_uri":"/api/servers/create","request_method":"POST","is_ajax":"no"}
[2025-07-08 11:05:23] DEBUG [3c572e] Connecting to database - Context: {"host":"localhost","port":"1003","database":"misvord","charset":"utf8mb4"}
[2025-07-08 11:05:23] INFO [3c572e] Database connected successfully - Context: {"database":"misvord"}
[2025-07-08 11:05:23] DEBUG [3c572e] Input received - Context: {"content_type":"","method":"POST","input_data":{"name":"Test Server Fix","description":"Testing server creation fix","is_public":"1","category":"gaming"}}
[2025-07-08 11:05:23] DEBUG [3c572e] Connecting to database - Context: {"host":"localhost","port":"1003","database":"misvord","charset":"utf8mb4"}
[2025-07-08 11:05:23] INFO [3c572e] Database connected successfully - Context: {"database":"misvord"}
[2025-07-08 11:05:23] DEBUG [3c572e] DB Query: INSERT INTO servers (`name`, `description`, `is_public`, `category`, `created_at`, `updated_at`) VAL... - Duration: 10.90ms - Context: {"table":"servers","data":{"name":"Test Server Fix","description":"Testing server creation fix","is_public":true,"category":"gaming","created_at":"2025-07-08 11:05:23","updated_at":"2025-07-08 11:05:23"},"insert_id":"8","affected_rows":1,"db_query":"INSERT INTO servers (`name`, `description`, `is_public`, `category`, `created_at`, `updated_at`) VALUES (?, ?, ?, ?, ?, ?)","db_duration":0.010900020599365234}
[2025-07-08 11:05:23] DEBUG [3c572e] DB Query: INSERT INTO user_server_memberships (`user_id`, `server_id`, `role`, `created_at`, `updated_at`) VAL... - Duration: 44.95ms - Context: {"table":"user_server_memberships","data":{"user_id":1,"server_id":"8","role":"owner","created_at":"2025-07-08 11:05:23","updated_at":"2025-07-08 11:05:23"},"insert_id":"15","affected_rows":1,"db_query":"INSERT INTO user_server_memberships (`user_id`, `server_id`, `role`, `created_at`, `updated_at`) VALUES (?, ?, ?, ?, ?)","db_duration":0.04494905471801758}
[2025-07-08 11:05:24] DEBUG [3c572e] Connecting to database - Context: {"host":"localhost","port":"1003","database":"misvord","charset":"utf8mb4"}
[2025-07-08 11:05:24] INFO [3c572e] Database connected successfully - Context: {"database":"misvord"}
[2025-07-08 11:05:24] DEBUG [3c572e] DB Query: SELECT * FROM servers WHERE  id = ? LIMIT 1 - Duration: 50.81ms - Context: {"bindings":["8"],"found":true,"db_query":"SELECT * FROM servers WHERE  id = ? LIMIT 1","db_duration":0.05080699920654297}
[2025-07-08 11:05:24] DEBUG [3c572e] Connecting to database - Context: {"host":"localhost","port":"1003","database":"misvord","charset":"utf8mb4"}
[2025-07-08 11:05:24] INFO [3c572e] Database connected successfully - Context: {"database":"misvord"}
[2025-07-08 11:05:24] DEBUG [3c572e] DB Query: INSERT INTO channels (`name`, `type`, `server_id`, `position`, `is_private`, `created_at`, `updated_... - Duration: 65.37ms - Context: {"table":"channels","data":{"name":"general","type":"text","server_id":8,"position":0,"is_private":0,"created_at":"2025-07-08 11:05:24","updated_at":"2025-07-08 11:05:24"},"insert_id":"13","affected_rows":1,"db_query":"INSERT INTO channels (`name`, `type`, `server_id`, `position`, `is_private`, `created_at`, `updated_at`) VALUES (?, ?, ?, ?, ?, ?, ?)","db_duration":0.06537008285522461}
[2025-07-08 11:05:24] DEBUG [3c572e] Connecting to database - Context: {"host":"localhost","port":"1003","database":"misvord","charset":"utf8mb4"}
[2025-07-08 11:05:24] INFO [3c572e] Database connected successfully - Context: {"database":"misvord"}
[2025-07-08 11:05:24] WARNING [3c572e] Activity logs table does not exist, skipping activity logging
[2025-07-08 11:05:24] DEBUG [3c572e] Connecting to database - Context: {"host":"localhost","port":"1003","database":"misvord","charset":"utf8mb4"}
[2025-07-08 11:05:24] INFO [3c572e] Database connected successfully - Context: {"database":"misvord"}
[2025-07-08 11:05:24] DEBUG [3c572e] Connecting to database - Context: {"host":"localhost","port":"1003","database":"misvord","charset":"utf8mb4"}
[2025-07-08 11:05:24] INFO [3c572e] Database connected successfully - Context: {"database":"misvord"}
[2025-07-08 11:05:24] DEBUG [3c572e] DB Query: SELECT u.* FROM users u INNER JOIN user_server_memberships usm ON u.id = usm.user_id WHERE  usm.serv... - Duration: 48.83ms - Context: {"bindings":[8,"owner"],"found":true,"db_query":"SELECT u.* FROM users u INNER JOIN user_server_memberships usm ON u.id = usm.user_id WHERE  usm.server_id = ? AND usm.role = ? LIMIT 1","db_duration":0.048831939697265625}
[2025-07-08 11:05:24] DEBUG [3c572e] Connecting to database - Context: {"host":"localhost","port":"1003","database":"misvord","charset":"utf8mb4"}
[2025-07-08 11:05:24] INFO [3c572e] Database connected successfully - Context: {"database":"misvord"}
[2025-07-08 11:05:24] DEBUG [3c572e] DB Query: SELECT u.* FROM users u INNER JOIN user_server_memberships usm ON u.id = usm.user_id WHERE  usm.serv... - Duration: 51.92ms - Context: {"bindings":[8,"owner"],"found":true,"db_query":"SELECT u.* FROM users u INNER JOIN user_server_memberships usm ON u.id = usm.user_id WHERE  usm.server_id = ? AND usm.role = ? LIMIT 1","db_duration":0.05192089080810547}
[2025-07-08 11:05:24] DEBUG [3c572e] Connecting to database - Context: {"host":"localhost","port":"1003","database":"misvord","charset":"utf8mb4"}
[2025-07-08 11:05:24] INFO [3c572e] Database connected successfully - Context: {"database":"misvord"}
[2025-07-08 11:05:24] DEBUG [3c572e] DB Query: SELECT u.* FROM users u INNER JOIN user_server_memberships usm ON u.id = usm.user_id WHERE  usm.serv... - Duration: 51.86ms - Context: {"bindings":[8,"owner"],"found":true,"db_query":"SELECT u.* FROM users u INNER JOIN user_server_memberships usm ON u.id = usm.user_id WHERE  usm.server_id = ? AND usm.role = ? LIMIT 1","db_duration":0.051856040954589844}
[2025-07-08 11:05:24] DEBUG [3c572e] Connecting to database - Context: {"host":"localhost","port":"1003","database":"misvord","charset":"utf8mb4"}
[2025-07-08 11:05:24] INFO [3c572e] Database connected successfully - Context: {"database":"misvord"}
[2025-07-08 11:05:24] DEBUG [3c572e] DB Query: SELECT u.* FROM users u INNER JOIN user_server_memberships usm ON u.id = usm.user_id WHERE  usm.serv... - Duration: 54.62ms - Context: {"bindings":[8,"owner"],"found":true,"db_query":"SELECT u.* FROM users u INNER JOIN user_server_memberships usm ON u.id = usm.user_id WHERE  usm.server_id = ? AND usm.role = ? LIMIT 1","db_duration":0.05462288856506348}
